<?xml version="1.0" encoding="UTF-8"?>
<testng-results ignored="0" total="167" passed="167" failed="0" skipped="0">
  <reporter-output>
  </reporter-output>
  <suite started-at="2024-05-17T16:24:30 IST" name="BimaBharosaSuite" finished-at="2024-05-17T16:26:28 IST" duration-ms="117343">
    <groups>
    </groups>
    <test started-at="2024-05-17T16:24:30 IST" name="RegisterModule" finished-at="2024-05-17T16:25:01 IST" duration-ms="30632">
      <class name="Register.Test_25_PolicyNumber_Negative">
        <test-method is-config="true" signature="beforeMethod()[pri:0, instance:Register.Test_25_PolicyNumber_Negative@737a135b]" started-at="2024-05-17T16:24:53 IST" name="beforeMethod" finished-at="2024-05-17T16:24:53 IST" duration-ms="1" status="PASS">
          <reporter-output>
          </reporter-output>
        </test-method> <!-- beforeMethod -->
        <test-method signature="test_Policy_Number_Null()[pri:59, instance:Register.Test_25_PolicyNumber_Negative@737a135b]" started-at="2024-05-17T16:24:53 IST" name="test_Policy_Number_Null" finished-at="2024-05-17T16:24:54 IST" duration-ms="241" status="PASS">
          <reporter-output>
          </reporter-output>
        </test-method> <!-- test_Policy_Number_Null -->
        <test-method is-config="true" signature="afterMethod(org.testng.ITestResult)[pri:0, instance:Register.Test_25_PolicyNumber_Negative@737a135b]" started-at="2024-05-17T16:24:54 IST" name="afterMethod" finished-at="2024-05-17T16:24:54 IST" duration-ms="2" status="PASS">
          <params>
            <param index="0">
              <value>
                <![CDATA[[TestResult name=test_Policy_Number_Null status=SUCCESS method=Test_25_PolicyNumber_Negative.test_Policy_Number_Null()[pri:59, instance:Register.Test_25_PolicyNumber_Negative@737a135b] output={null}]]]>
              </value>
            </param>
          </params>
          <reporter-output>
          </reporter-output>
        </test-method> <!-- afterMethod -->
        <test-method is-config="true" signature="beforeMethod()[pri:0, instance:Register.Test_25_PolicyNumber_Negative@737a135b]" started-at="2024-05-17T16:24:54 IST" name="beforeMethod" finished-at="2024-05-17T16:24:54 IST" duration-ms="0" status="PASS">
          <reporter-output>
          </reporter-output>
        </test-method> <!-- beforeMethod -->
        <test-method signature="test_Policy_Number_Exceeding_length()[pri:60, instance:Register.Test_25_PolicyNumber_Negative@737a135b]" started-at="2024-05-17T16:24:54 IST" name="test_Policy_Number_Exceeding_length" finished-at="2024-05-17T16:24:54 IST" duration-ms="329" status="PASS">
          <reporter-output>
          </reporter-output>
        </test-method> <!-- test_Policy_Number_Exceeding_length -->
        <test-method is-config="true" signature="afterMethod(org.testng.ITestResult)[pri:0, instance:Register.Test_25_PolicyNumber_Negative@737a135b]" started-at="2024-05-17T16:24:54 IST" name="afterMethod" finished-at="2024-05-17T16:24:54 IST" duration-ms="6" status="PASS">
          <params>
            <param index="0">
              <value>
                <![CDATA[[TestResult name=test_Policy_Number_Exceeding_length status=SUCCESS method=Test_25_PolicyNumber_Negative.test_Policy_Number_Exceeding_length()[pri:60, instance:Register.Test_25_PolicyNumber_Negative@737a135b] output={null}]]]>
              </value>
            </param>
          </params>
          <reporter-output>
          </reporter-output>
        </test-method> <!-- afterMethod -->
        <test-method is-config="true" signature="beforeMethod()[pri:0, instance:Register.Test_25_PolicyNumber_Negative@737a135b]" started-at="2024-05-17T16:24:54 IST" name="beforeMethod" finished-at="2024-05-17T16:24:54 IST" duration-ms="1" status="PASS">
          <reporter-output>
          </reporter-output>
        </test-method> <!-- beforeMethod -->
        <test-method signature="test_Policy_Number_Duplicate()[pri:61, instance:Register.Test_25_PolicyNumber_Negative@737a135b]" started-at="2024-05-17T16:24:54 IST" name="test_Policy_Number_Duplicate" finished-at="2024-05-17T16:24:54 IST" duration-ms="305" status="PASS">
          <reporter-output>
          </reporter-output>
        </test-method> <!-- test_Policy_Number_Duplicate -->
        <test-method is-config="true" signature="afterMethod(org.testng.ITestResult)[pri:0, instance:Register.Test_25_PolicyNumber_Negative@737a135b]" started-at="2024-05-17T16:24:54 IST" name="afterMethod" finished-at="2024-05-17T16:24:54 IST" duration-ms="6" status="PASS">
          <params>
            <param index="0">
              <value>
                <![CDATA[[TestResult name=test_Policy_Number_Duplicate status=SUCCESS method=Test_25_PolicyNumber_Negative.test_Policy_Number_Duplicate()[pri:61, instance:Register.Test_25_PolicyNumber_Negative@737a135b] output={null}]]]>
              </value>
            </param>
          </params>
          <reporter-output>
          </reporter-output>
        </test-method> <!-- afterMethod -->
      </class> <!-- Register.Test_25_PolicyNumber_Negative -->
      <class name="Register.Test_11_BrokerLicenseNumber_Negative">
        <test-method signature="test_registerComplaint_Invalid_BrokerLicenseNumber()[pri:17, instance:Register.Test_11_BrokerLicenseNumber_Negative@4758820d]" started-at="2024-05-17T16:24:40 IST" name="test_registerComplaint_Invalid_BrokerLicenseNumber" finished-at="2024-05-17T16:24:40 IST" duration-ms="336" status="PASS">
          <reporter-output>
          </reporter-output>
        </test-method> <!-- test_registerComplaint_Invalid_BrokerLicenseNumber -->
        <test-method is-config="true" signature="beforeMethod()[pri:0, instance:Register.Test_11_BrokerLicenseNumber_Negative@4758820d]" started-at="2024-05-17T16:24:40 IST" name="beforeMethod" finished-at="2024-05-17T16:24:40 IST" duration-ms="0" status="PASS">
          <reporter-output>
          </reporter-output>
        </test-method> <!-- beforeMethod -->
        <test-method is-config="true" signature="afterMethod(org.testng.ITestResult)[pri:0, instance:Register.Test_11_BrokerLicenseNumber_Negative@4758820d]" started-at="2024-05-17T16:24:40 IST" name="afterMethod" finished-at="2024-05-17T16:24:40 IST" duration-ms="4" status="PASS">
          <params>
            <param index="0">
              <value>
                <![CDATA[[TestResult name=test_registerComplaint_Invalid_BrokerLicenseNumber status=SUCCESS method=Test_11_BrokerLicenseNumber_Negative.test_registerComplaint_Invalid_BrokerLicenseNumber()[pri:17, instance:Register.Test_11_BrokerLicenseNumber_Negative@4758820d] output={null}]]]>
              </value>
            </param>
          </params>
          <reporter-output>
          </reporter-output>
        </test-method> <!-- afterMethod -->
        <test-method is-config="true" signature="beforeMethod()[pri:0, instance:Register.Test_11_BrokerLicenseNumber_Negative@4758820d]" started-at="2024-05-17T16:24:40 IST" name="beforeMethod" finished-at="2024-05-17T16:24:40 IST" duration-ms="1" status="PASS">
          <reporter-output>
          </reporter-output>
        </test-method> <!-- beforeMethod -->
        <test-method signature="test_registerComplaint_Null_BrokerLicenseNumber()[pri:18, instance:Register.Test_11_BrokerLicenseNumber_Negative@4758820d]" started-at="2024-05-17T16:24:40 IST" name="test_registerComplaint_Null_BrokerLicenseNumber" finished-at="2024-05-17T16:24:40 IST" duration-ms="315" status="PASS">
          <reporter-output>
          </reporter-output>
        </test-method> <!-- test_registerComplaint_Null_BrokerLicenseNumber -->
        <test-method is-config="true" signature="afterMethod(org.testng.ITestResult)[pri:0, instance:Register.Test_11_BrokerLicenseNumber_Negative@4758820d]" started-at="2024-05-17T16:24:40 IST" name="afterMethod" finished-at="2024-05-17T16:24:41 IST" duration-ms="4" status="PASS">
          <params>
            <param index="0">
              <value>
                <![CDATA[[TestResult name=test_registerComplaint_Null_BrokerLicenseNumber status=SUCCESS method=Test_11_BrokerLicenseNumber_Negative.test_registerComplaint_Null_BrokerLicenseNumber()[pri:18, instance:Register.Test_11_BrokerLicenseNumber_Negative@4758820d] output={null}]]]>
              </value>
            </param>
          </params>
          <reporter-output>
          </reporter-output>
        </test-method> <!-- afterMethod -->
      </class> <!-- Register.Test_11_BrokerLicenseNumber_Negative -->
      <class name="Register.Test_27_AddressedToInsurer_Negative">
        <test-method is-config="true" signature="beforeMethod()[pri:0, instance:Register.Test_27_AddressedToInsurer_Negative@15dcfae7]" started-at="2024-05-17T16:24:56 IST" name="beforeMethod" finished-at="2024-05-17T16:24:56 IST" duration-ms="1" status="PASS">
          <reporter-output>
          </reporter-output>
        </test-method> <!-- beforeMethod -->
        <test-method signature="test_Addressed_To_Insurer_Null()[pri:66, instance:Register.Test_27_AddressedToInsurer_Negative@15dcfae7]" started-at="2024-05-17T16:24:56 IST" name="test_Addressed_To_Insurer_Null" finished-at="2024-05-17T16:24:56 IST" duration-ms="269" status="PASS">
          <reporter-output>
          </reporter-output>
        </test-method> <!-- test_Addressed_To_Insurer_Null -->
        <test-method is-config="true" signature="afterMethod(org.testng.ITestResult)[pri:0, instance:Register.Test_27_AddressedToInsurer_Negative@15dcfae7]" started-at="2024-05-17T16:24:56 IST" name="afterMethod" finished-at="2024-05-17T16:24:56 IST" duration-ms="2" status="PASS">
          <params>
            <param index="0">
              <value>
                <![CDATA[[TestResult name=test_Addressed_To_Insurer_Null status=SUCCESS method=Test_27_AddressedToInsurer_Negative.test_Addressed_To_Insurer_Null()[pri:66, instance:Register.Test_27_AddressedToInsurer_Negative@15dcfae7] output={null}]]]>
              </value>
            </param>
          </params>
          <reporter-output>
          </reporter-output>
        </test-method> <!-- afterMethod -->
        <test-method signature="test_Addressed_To_Insurer_With_N()[pri:67, instance:Register.Test_27_AddressedToInsurer_Negative@15dcfae7]" started-at="2024-05-17T16:24:56 IST" name="test_Addressed_To_Insurer_With_N" finished-at="2024-05-17T16:24:56 IST" duration-ms="267" status="PASS">
          <reporter-output>
          </reporter-output>
        </test-method> <!-- test_Addressed_To_Insurer_With_N -->
        <test-method is-config="true" signature="beforeMethod()[pri:0, instance:Register.Test_27_AddressedToInsurer_Negative@15dcfae7]" started-at="2024-05-17T16:24:56 IST" name="beforeMethod" finished-at="2024-05-17T16:24:56 IST" duration-ms="0" status="PASS">
          <reporter-output>
          </reporter-output>
        </test-method> <!-- beforeMethod -->
        <test-method is-config="true" signature="afterMethod(org.testng.ITestResult)[pri:0, instance:Register.Test_27_AddressedToInsurer_Negative@15dcfae7]" started-at="2024-05-17T16:24:56 IST" name="afterMethod" finished-at="2024-05-17T16:24:56 IST" duration-ms="2" status="PASS">
          <params>
            <param index="0">
              <value>
                <![CDATA[[TestResult name=test_Addressed_To_Insurer_With_N status=SUCCESS method=Test_27_AddressedToInsurer_Negative.test_Addressed_To_Insurer_With_N()[pri:67, instance:Register.Test_27_AddressedToInsurer_Negative@15dcfae7] output={null}]]]>
              </value>
            </param>
          </params>
          <reporter-output>
          </reporter-output>
        </test-method> <!-- afterMethod -->
        <test-method is-config="true" signature="beforeMethod()[pri:0, instance:Register.Test_27_AddressedToInsurer_Negative@15dcfae7]" started-at="2024-05-17T16:24:56 IST" name="beforeMethod" finished-at="2024-05-17T16:24:56 IST" duration-ms="1" status="PASS">
          <reporter-output>
          </reporter-output>
        </test-method> <!-- beforeMethod -->
        <test-method signature="test_Addressed_To_Insurer_Numeric()[pri:68, instance:Register.Test_27_AddressedToInsurer_Negative@15dcfae7]" started-at="2024-05-17T16:24:56 IST" name="test_Addressed_To_Insurer_Numeric" finished-at="2024-05-17T16:24:57 IST" duration-ms="253" status="PASS">
          <reporter-output>
          </reporter-output>
        </test-method> <!-- test_Addressed_To_Insurer_Numeric -->
        <test-method is-config="true" signature="afterMethod(org.testng.ITestResult)[pri:0, instance:Register.Test_27_AddressedToInsurer_Negative@15dcfae7]" started-at="2024-05-17T16:24:57 IST" name="afterMethod" finished-at="2024-05-17T16:24:57 IST" duration-ms="3" status="PASS">
          <params>
            <param index="0">
              <value>
                <![CDATA[[TestResult name=test_Addressed_To_Insurer_Numeric status=SUCCESS method=Test_27_AddressedToInsurer_Negative.test_Addressed_To_Insurer_Numeric()[pri:68, instance:Register.Test_27_AddressedToInsurer_Negative@15dcfae7] output={null}]]]>
              </value>
            </param>
          </params>
          <reporter-output>
          </reporter-output>
        </test-method> <!-- afterMethod -->
        <test-method signature="test_Addressed_To_Insurer_SpecialChars()[pri:69, instance:Register.Test_27_AddressedToInsurer_Negative@15dcfae7]" started-at="2024-05-17T16:24:57 IST" name="test_Addressed_To_Insurer_SpecialChars" finished-at="2024-05-17T16:24:57 IST" duration-ms="232" status="PASS">
          <reporter-output>
          </reporter-output>
        </test-method> <!-- test_Addressed_To_Insurer_SpecialChars -->
        <test-method is-config="true" signature="beforeMethod()[pri:0, instance:Register.Test_27_AddressedToInsurer_Negative@15dcfae7]" started-at="2024-05-17T16:24:57 IST" name="beforeMethod" finished-at="2024-05-17T16:24:57 IST" duration-ms="0" status="PASS">
          <reporter-output>
          </reporter-output>
        </test-method> <!-- beforeMethod -->
        <test-method is-config="true" signature="afterMethod(org.testng.ITestResult)[pri:0, instance:Register.Test_27_AddressedToInsurer_Negative@15dcfae7]" started-at="2024-05-17T16:24:57 IST" name="afterMethod" finished-at="2024-05-17T16:24:57 IST" duration-ms="3" status="PASS">
          <params>
            <param index="0">
              <value>
                <![CDATA[[TestResult name=test_Addressed_To_Insurer_SpecialChars status=SUCCESS method=Test_27_AddressedToInsurer_Negative.test_Addressed_To_Insurer_SpecialChars()[pri:69, instance:Register.Test_27_AddressedToInsurer_Negative@15dcfae7] output={null}]]]>
              </value>
            </param>
          </params>
          <reporter-output>
          </reporter-output>
        </test-method> <!-- afterMethod -->
        <test-method is-config="true" signature="beforeMethod()[pri:0, instance:Register.Test_27_AddressedToInsurer_Negative@15dcfae7]" started-at="2024-05-17T16:24:57 IST" name="beforeMethod" finished-at="2024-05-17T16:24:57 IST" duration-ms="1" status="PASS">
          <reporter-output>
          </reporter-output>
        </test-method> <!-- beforeMethod -->
        <test-method signature="test_Addressed_To_Insurer_Invalid()[pri:70, instance:Register.Test_27_AddressedToInsurer_Negative@15dcfae7]" started-at="2024-05-17T16:24:57 IST" name="test_Addressed_To_Insurer_Invalid" finished-at="2024-05-17T16:24:57 IST" duration-ms="257" status="PASS">
          <reporter-output>
          </reporter-output>
        </test-method> <!-- test_Addressed_To_Insurer_Invalid -->
        <test-method is-config="true" signature="afterMethod(org.testng.ITestResult)[pri:0, instance:Register.Test_27_AddressedToInsurer_Negative@15dcfae7]" started-at="2024-05-17T16:24:57 IST" name="afterMethod" finished-at="2024-05-17T16:24:57 IST" duration-ms="3" status="PASS">
          <params>
            <param index="0">
              <value>
                <![CDATA[[TestResult name=test_Addressed_To_Insurer_Invalid status=SUCCESS method=Test_27_AddressedToInsurer_Negative.test_Addressed_To_Insurer_Invalid()[pri:70, instance:Register.Test_27_AddressedToInsurer_Negative@15dcfae7] output={null}]]]>
              </value>
            </param>
          </params>
          <reporter-output>
          </reporter-output>
        </test-method> <!-- afterMethod -->
      </class> <!-- Register.Test_27_AddressedToInsurer_Negative -->
      <class name="Register.Test_20_InsuranceTypeID_Negative">
        <test-method is-config="true" signature="beforeMethod()[pri:0, instance:Register.Test_20_InsuranceTypeID_Negative@2826f61]" started-at="2024-05-17T16:24:48 IST" name="beforeMethod" finished-at="2024-05-17T16:24:48 IST" duration-ms="1" status="PASS">
          <reporter-output>
          </reporter-output>
        </test-method> <!-- beforeMethod -->
        <test-method signature="test_Insurance_Type_ID_Null()[pri:43, instance:Register.Test_20_InsuranceTypeID_Negative@2826f61]" started-at="2024-05-17T16:24:48 IST" name="test_Insurance_Type_ID_Null" finished-at="2024-05-17T16:24:49 IST" duration-ms="264" status="PASS">
          <reporter-output>
          </reporter-output>
        </test-method> <!-- test_Insurance_Type_ID_Null -->
        <test-method is-config="true" signature="afterMethod(org.testng.ITestResult)[pri:0, instance:Register.Test_20_InsuranceTypeID_Negative@2826f61]" started-at="2024-05-17T16:24:49 IST" name="afterMethod" finished-at="2024-05-17T16:24:49 IST" duration-ms="2" status="PASS">
          <params>
            <param index="0">
              <value>
                <![CDATA[[TestResult name=test_Insurance_Type_ID_Null status=SUCCESS method=Test_20_InsuranceTypeID_Negative.test_Insurance_Type_ID_Null()[pri:43, instance:Register.Test_20_InsuranceTypeID_Negative@2826f61] output={null}]]]>
              </value>
            </param>
          </params>
          <reporter-output>
          </reporter-output>
        </test-method> <!-- afterMethod -->
        <test-method is-config="true" signature="beforeMethod()[pri:0, instance:Register.Test_20_InsuranceTypeID_Negative@2826f61]" started-at="2024-05-17T16:24:49 IST" name="beforeMethod" finished-at="2024-05-17T16:24:49 IST" duration-ms="1" status="PASS">
          <reporter-output>
          </reporter-output>
        </test-method> <!-- beforeMethod -->
        <test-method signature="test_Insurance_Type_ID_Invalid()[pri:44, instance:Register.Test_20_InsuranceTypeID_Negative@2826f61]" started-at="2024-05-17T16:24:49 IST" name="test_Insurance_Type_ID_Invalid" finished-at="2024-05-17T16:24:49 IST" duration-ms="240" status="PASS">
          <reporter-output>
          </reporter-output>
        </test-method> <!-- test_Insurance_Type_ID_Invalid -->
        <test-method is-config="true" signature="afterMethod(org.testng.ITestResult)[pri:0, instance:Register.Test_20_InsuranceTypeID_Negative@2826f61]" started-at="2024-05-17T16:24:49 IST" name="afterMethod" finished-at="2024-05-17T16:24:49 IST" duration-ms="3" status="PASS">
          <params>
            <param index="0">
              <value>
                <![CDATA[[TestResult name=test_Insurance_Type_ID_Invalid status=SUCCESS method=Test_20_InsuranceTypeID_Negative.test_Insurance_Type_ID_Invalid()[pri:44, instance:Register.Test_20_InsuranceTypeID_Negative@2826f61] output={null}]]]>
              </value>
            </param>
          </params>
          <reporter-output>
          </reporter-output>
        </test-method> <!-- afterMethod -->
        <test-method is-config="true" signature="beforeMethod()[pri:0, instance:Register.Test_20_InsuranceTypeID_Negative@2826f61]" started-at="2024-05-17T16:24:49 IST" name="beforeMethod" finished-at="2024-05-17T16:24:49 IST" duration-ms="1" status="PASS">
          <reporter-output>
          </reporter-output>
        </test-method> <!-- beforeMethod -->
        <test-method signature="test_Insurance_Type_ID_Invalid_Numeric()[pri:45, instance:Register.Test_20_InsuranceTypeID_Negative@2826f61]" started-at="2024-05-17T16:24:49 IST" name="test_Insurance_Type_ID_Invalid_Numeric" finished-at="2024-05-17T16:24:50 IST" duration-ms="626" status="PASS">
          <reporter-output>
          </reporter-output>
        </test-method> <!-- test_Insurance_Type_ID_Invalid_Numeric -->
        <test-method is-config="true" signature="afterMethod(org.testng.ITestResult)[pri:0, instance:Register.Test_20_InsuranceTypeID_Negative@2826f61]" started-at="2024-05-17T16:24:50 IST" name="afterMethod" finished-at="2024-05-17T16:24:50 IST" duration-ms="4" status="PASS">
          <params>
            <param index="0">
              <value>
                <![CDATA[[TestResult name=test_Insurance_Type_ID_Invalid_Numeric status=SUCCESS method=Test_20_InsuranceTypeID_Negative.test_Insurance_Type_ID_Invalid_Numeric()[pri:45, instance:Register.Test_20_InsuranceTypeID_Negative@2826f61] output={null}]]]>
              </value>
            </param>
          </params>
          <reporter-output>
          </reporter-output>
        </test-method> <!-- afterMethod -->
      </class> <!-- Register.Test_20_InsuranceTypeID_Negative -->
      <class name="Register.Test_26_Option_Negative">
        <test-method signature="test_Option_Null()[pri:62, instance:Register.Test_26_Option_Negative@687ef2e0]" started-at="2024-05-17T16:24:54 IST" name="test_Option_Null" finished-at="2024-05-17T16:24:55 IST" duration-ms="718" status="PASS">
          <reporter-output>
          </reporter-output>
        </test-method> <!-- test_Option_Null -->
        <test-method is-config="true" signature="beforeMethod()[pri:0, instance:Register.Test_26_Option_Negative@687ef2e0]" started-at="2024-05-17T16:24:54 IST" name="beforeMethod" finished-at="2024-05-17T16:24:54 IST" duration-ms="0" status="PASS">
          <reporter-output>
          </reporter-output>
        </test-method> <!-- beforeMethod -->
        <test-method is-config="true" signature="afterMethod(org.testng.ITestResult)[pri:0, instance:Register.Test_26_Option_Negative@687ef2e0]" started-at="2024-05-17T16:24:55 IST" name="afterMethod" finished-at="2024-05-17T16:24:55 IST" duration-ms="3" status="PASS">
          <params>
            <param index="0">
              <value>
                <![CDATA[[TestResult name=test_Option_Null status=SUCCESS method=Test_26_Option_Negative.test_Option_Null()[pri:62, instance:Register.Test_26_Option_Negative@687ef2e0] output={null}]]]>
              </value>
            </param>
          </params>
          <reporter-output>
          </reporter-output>
        </test-method> <!-- afterMethod -->
        <test-method is-config="true" signature="beforeMethod()[pri:0, instance:Register.Test_26_Option_Negative@687ef2e0]" started-at="2024-05-17T16:24:55 IST" name="beforeMethod" finished-at="2024-05-17T16:24:55 IST" duration-ms="1" status="PASS">
          <reporter-output>
          </reporter-output>
        </test-method> <!-- beforeMethod -->
        <test-method signature="test_Option_Alphabetical()[pri:63, instance:Register.Test_26_Option_Negative@687ef2e0]" started-at="2024-05-17T16:24:55 IST" name="test_Option_Alphabetical" finished-at="2024-05-17T16:24:55 IST" duration-ms="240" status="PASS">
          <reporter-output>
          </reporter-output>
        </test-method> <!-- test_Option_Alphabetical -->
        <test-method is-config="true" signature="afterMethod(org.testng.ITestResult)[pri:0, instance:Register.Test_26_Option_Negative@687ef2e0]" started-at="2024-05-17T16:24:55 IST" name="afterMethod" finished-at="2024-05-17T16:24:55 IST" duration-ms="3" status="PASS">
          <params>
            <param index="0">
              <value>
                <![CDATA[[TestResult name=test_Option_Alphabetical status=SUCCESS method=Test_26_Option_Negative.test_Option_Alphabetical()[pri:63, instance:Register.Test_26_Option_Negative@687ef2e0] output={null}]]]>
              </value>
            </param>
          </params>
          <reporter-output>
          </reporter-output>
        </test-method> <!-- afterMethod -->
        <test-method signature="test_Option_SpecialChars()[pri:64, instance:Register.Test_26_Option_Negative@687ef2e0]" started-at="2024-05-17T16:24:55 IST" name="test_Option_SpecialChars" finished-at="2024-05-17T16:24:56 IST" duration-ms="269" status="PASS">
          <reporter-output>
          </reporter-output>
        </test-method> <!-- test_Option_SpecialChars -->
        <test-method is-config="true" signature="beforeMethod()[pri:0, instance:Register.Test_26_Option_Negative@687ef2e0]" started-at="2024-05-17T16:24:55 IST" name="beforeMethod" finished-at="2024-05-17T16:24:55 IST" duration-ms="0" status="PASS">
          <reporter-output>
          </reporter-output>
        </test-method> <!-- beforeMethod -->
        <test-method is-config="true" signature="afterMethod(org.testng.ITestResult)[pri:0, instance:Register.Test_26_Option_Negative@687ef2e0]" started-at="2024-05-17T16:24:56 IST" name="afterMethod" finished-at="2024-05-17T16:24:56 IST" duration-ms="5" status="PASS">
          <params>
            <param index="0">
              <value>
                <![CDATA[[TestResult name=test_Option_SpecialChars status=SUCCESS method=Test_26_Option_Negative.test_Option_SpecialChars()[pri:64, instance:Register.Test_26_Option_Negative@687ef2e0] output={null}]]]>
              </value>
            </param>
          </params>
          <reporter-output>
          </reporter-output>
        </test-method> <!-- afterMethod -->
        <test-method is-config="true" signature="beforeMethod()[pri:0, instance:Register.Test_26_Option_Negative@687ef2e0]" started-at="2024-05-17T16:24:56 IST" name="beforeMethod" finished-at="2024-05-17T16:24:56 IST" duration-ms="1" status="PASS">
          <reporter-output>
          </reporter-output>
        </test-method> <!-- beforeMethod -->
        <test-method signature="test_Option_Invalid()[pri:65, instance:Register.Test_26_Option_Negative@687ef2e0]" started-at="2024-05-17T16:24:56 IST" name="test_Option_Invalid" finished-at="2024-05-17T16:24:56 IST" duration-ms="285" status="PASS">
          <reporter-output>
          </reporter-output>
        </test-method> <!-- test_Option_Invalid -->
        <test-method is-config="true" signature="afterMethod(org.testng.ITestResult)[pri:0, instance:Register.Test_26_Option_Negative@687ef2e0]" started-at="2024-05-17T16:24:56 IST" name="afterMethod" finished-at="2024-05-17T16:24:56 IST" duration-ms="4" status="PASS">
          <params>
            <param index="0">
              <value>
                <![CDATA[[TestResult name=test_Option_Invalid status=SUCCESS method=Test_26_Option_Negative.test_Option_Invalid()[pri:65, instance:Register.Test_26_Option_Negative@687ef2e0] output={null}]]]>
              </value>
            </param>
          </params>
          <reporter-output>
          </reporter-output>
        </test-method> <!-- afterMethod -->
      </class> <!-- Register.Test_26_Option_Negative -->
      <class name="Register.Test_8_RegisterComplaint_AgainstAgent">
        <test-method is-config="true" signature="beforeMethod()[pri:0, instance:Register.Test_8_RegisterComplaint_AgainstAgent@b1712f3]" started-at="2024-05-17T16:24:39 IST" name="beforeMethod" finished-at="2024-05-17T16:24:39 IST" duration-ms="1" status="PASS">
          <reporter-output>
          </reporter-output>
        </test-method> <!-- beforeMethod -->
        <test-method signature="test_registerComplaint_Against_Agent()[pri:14, instance:Register.Test_8_RegisterComplaint_AgainstAgent@b1712f3]" started-at="2024-05-17T16:24:39 IST" name="test_registerComplaint_Against_Agent" finished-at="2024-05-17T16:24:39 IST" duration-ms="499" status="PASS">
          <reporter-output>
          </reporter-output>
        </test-method> <!-- test_registerComplaint_Against_Agent -->
        <test-method is-config="true" signature="afterMethod(org.testng.ITestResult)[pri:0, instance:Register.Test_8_RegisterComplaint_AgainstAgent@b1712f3]" started-at="2024-05-17T16:24:39 IST" name="afterMethod" finished-at="2024-05-17T16:24:39 IST" duration-ms="4" status="PASS">
          <params>
            <param index="0">
              <value>
                <![CDATA[[TestResult name=test_registerComplaint_Against_Agent status=SUCCESS method=Test_8_RegisterComplaint_AgainstAgent.test_registerComplaint_Against_Agent()[pri:14, instance:Register.Test_8_RegisterComplaint_AgainstAgent@b1712f3] output={null}]]]>
              </value>
            </param>
          </params>
          <reporter-output>
          </reporter-output>
        </test-method> <!-- afterMethod -->
      </class> <!-- Register.Test_8_RegisterComplaint_AgainstAgent -->
      <class name="Register.Test_10_RegisterComplaint_Against_NonLifeInsuranceCompany">
        <test-method is-config="true" signature="beforeMethod()[pri:0, instance:Register.Test_10_RegisterComplaint_Against_NonLifeInsuranceCompany@4879dfad]" started-at="2024-05-17T16:24:40 IST" name="beforeMethod" finished-at="2024-05-17T16:24:40 IST" duration-ms="1" status="PASS">
          <reporter-output>
          </reporter-output>
        </test-method> <!-- beforeMethod -->
        <test-method signature="test_registerComplaint_Against_NonLife_InsuranceCompany()[pri:16, instance:Register.Test_10_RegisterComplaint_Against_NonLifeInsuranceCompany@4879dfad]" started-at="2024-05-17T16:24:40 IST" name="test_registerComplaint_Against_NonLife_InsuranceCompany" finished-at="2024-05-17T16:24:40 IST" duration-ms="299" status="PASS">
          <reporter-output>
          </reporter-output>
        </test-method> <!-- test_registerComplaint_Against_NonLife_InsuranceCompany -->
        <test-method is-config="true" signature="afterMethod(org.testng.ITestResult)[pri:0, instance:Register.Test_10_RegisterComplaint_Against_NonLifeInsuranceCompany@4879dfad]" started-at="2024-05-17T16:24:40 IST" name="afterMethod" finished-at="2024-05-17T16:24:40 IST" duration-ms="3" status="PASS">
          <params>
            <param index="0">
              <value>
                <![CDATA[[TestResult name=test_registerComplaint_Against_NonLife_InsuranceCompany status=SUCCESS method=Test_10_RegisterComplaint_Against_NonLifeInsuranceCompany.test_registerComplaint_Against_NonLife_InsuranceCompany()[pri:16, instance:Register.Test_10_RegisterComplaint_Against_NonLifeInsuranceCompany@4879dfad] output={null}]]]>
              </value>
            </param>
          </params>
          <reporter-output>
          </reporter-output>
        </test-method> <!-- afterMethod -->
      </class> <!-- Register.Test_10_RegisterComplaint_Against_NonLifeInsuranceCompany -->
      <class name="Register.Test_1_RegisterComplaint_PresentDate">
        <test-method is-config="true" signature="beforeMethod()[pri:0, instance:Register.Test_1_RegisterComplaint_PresentDate@55322aab]" started-at="2024-05-17T16:24:30 IST" name="beforeMethod" finished-at="2024-05-17T16:24:30 IST" duration-ms="10" status="PASS">
          <reporter-output>
          </reporter-output>
        </test-method> <!-- beforeMethod -->
        <test-method signature="test_registerComplaint_PresentDate()[pri:1, instance:Register.Test_1_RegisterComplaint_PresentDate@55322aab]" started-at="2024-05-17T16:24:30 IST" name="test_registerComplaint_PresentDate" finished-at="2024-05-17T16:24:34 IST" duration-ms="3342" status="PASS">
          <reporter-output>
          </reporter-output>
        </test-method> <!-- test_registerComplaint_PresentDate -->
        <test-method is-config="true" signature="afterMethod(org.testng.ITestResult)[pri:0, instance:Register.Test_1_RegisterComplaint_PresentDate@55322aab]" started-at="2024-05-17T16:24:34 IST" name="afterMethod" finished-at="2024-05-17T16:24:34 IST" duration-ms="32" status="PASS">
          <params>
            <param index="0">
              <value>
                <![CDATA[[TestResult name=test_registerComplaint_PresentDate status=SUCCESS method=Test_1_RegisterComplaint_PresentDate.test_registerComplaint_PresentDate()[pri:1, instance:Register.Test_1_RegisterComplaint_PresentDate@55322aab] output={null}]]]>
              </value>
            </param>
          </params>
          <reporter-output>
          </reporter-output>
        </test-method> <!-- afterMethod -->
      </class> <!-- Register.Test_1_RegisterComplaint_PresentDate -->
      <class name="Register.Test_4_UserType_Negative">
        <test-method is-config="true" signature="beforeMethod()[pri:0, instance:Register.Test_4_UserType_Negative@2a898881]" started-at="2024-05-17T16:24:36 IST" name="beforeMethod" finished-at="2024-05-17T16:24:36 IST" duration-ms="1" status="PASS">
          <reporter-output>
          </reporter-output>
        </test-method> <!-- beforeMethod -->
        <test-method signature="test_registerComplaint_NullUserType()[pri:8, instance:Register.Test_4_UserType_Negative@2a898881]" started-at="2024-05-17T16:24:36 IST" name="test_registerComplaint_NullUserType" finished-at="2024-05-17T16:24:36 IST" duration-ms="307" status="PASS">
          <reporter-output>
          </reporter-output>
        </test-method> <!-- test_registerComplaint_NullUserType -->
        <test-method is-config="true" signature="afterMethod(org.testng.ITestResult)[pri:0, instance:Register.Test_4_UserType_Negative@2a898881]" started-at="2024-05-17T16:24:36 IST" name="afterMethod" finished-at="2024-05-17T16:24:36 IST" duration-ms="4" status="PASS">
          <params>
            <param index="0">
              <value>
                <![CDATA[[TestResult name=test_registerComplaint_NullUserType status=SUCCESS method=Test_4_UserType_Negative.test_registerComplaint_NullUserType()[pri:8, instance:Register.Test_4_UserType_Negative@2a898881] output={null}]]]>
              </value>
            </param>
          </params>
          <reporter-output>
          </reporter-output>
        </test-method> <!-- afterMethod -->
        <test-method is-config="true" signature="beforeMethod()[pri:0, instance:Register.Test_4_UserType_Negative@2a898881]" started-at="2024-05-17T16:24:36 IST" name="beforeMethod" finished-at="2024-05-17T16:24:36 IST" duration-ms="2" status="PASS">
          <reporter-output>
          </reporter-output>
        </test-method> <!-- beforeMethod -->
        <test-method signature="test_registerComplaint_NumericUserType()[pri:9, instance:Register.Test_4_UserType_Negative@2a898881]" started-at="2024-05-17T16:24:36 IST" name="test_registerComplaint_NumericUserType" finished-at="2024-05-17T16:24:37 IST" duration-ms="421" status="PASS">
          <reporter-output>
          </reporter-output>
        </test-method> <!-- test_registerComplaint_NumericUserType -->
        <test-method is-config="true" signature="afterMethod(org.testng.ITestResult)[pri:0, instance:Register.Test_4_UserType_Negative@2a898881]" started-at="2024-05-17T16:24:37 IST" name="afterMethod" finished-at="2024-05-17T16:24:37 IST" duration-ms="7" status="PASS">
          <params>
            <param index="0">
              <value>
                <![CDATA[[TestResult name=test_registerComplaint_NumericUserType status=SUCCESS method=Test_4_UserType_Negative.test_registerComplaint_NumericUserType()[pri:9, instance:Register.Test_4_UserType_Negative@2a898881] output={null}]]]>
              </value>
            </param>
          </params>
          <reporter-output>
          </reporter-output>
        </test-method> <!-- afterMethod -->
        <test-method is-config="true" signature="beforeMethod()[pri:0, instance:Register.Test_4_UserType_Negative@2a898881]" started-at="2024-05-17T16:24:37 IST" name="beforeMethod" finished-at="2024-05-17T16:24:37 IST" duration-ms="2" status="PASS">
          <reporter-output>
          </reporter-output>
        </test-method> <!-- beforeMethod -->
        <test-method signature="test_registerComplaint_InvalidUserType()[pri:10, instance:Register.Test_4_UserType_Negative@2a898881]" started-at="2024-05-17T16:24:37 IST" name="test_registerComplaint_InvalidUserType" finished-at="2024-05-17T16:24:37 IST" duration-ms="387" status="PASS">
          <reporter-output>
          </reporter-output>
        </test-method> <!-- test_registerComplaint_InvalidUserType -->
        <test-method is-config="true" signature="afterMethod(org.testng.ITestResult)[pri:0, instance:Register.Test_4_UserType_Negative@2a898881]" started-at="2024-05-17T16:24:37 IST" name="afterMethod" finished-at="2024-05-17T16:24:37 IST" duration-ms="3" status="PASS">
          <params>
            <param index="0">
              <value>
                <![CDATA[[TestResult name=test_registerComplaint_InvalidUserType status=SUCCESS method=Test_4_UserType_Negative.test_registerComplaint_InvalidUserType()[pri:10, instance:Register.Test_4_UserType_Negative@2a898881] output={null}]]]>
              </value>
            </param>
          </params>
          <reporter-output>
          </reporter-output>
        </test-method> <!-- afterMethod -->
      </class> <!-- Register.Test_4_UserType_Negative -->
      <class name="Register.Test_13_IntermediaryLicenseNumber_Negative">
        <test-method is-config="true" signature="beforeMethod()[pri:0, instance:Register.Test_13_IntermediaryLicenseNumber_Negative@28ec166e]" started-at="2024-05-17T16:24:41 IST" name="beforeMethod" finished-at="2024-05-17T16:24:41 IST" duration-ms="1" status="PASS">
          <reporter-output>
          </reporter-output>
        </test-method> <!-- beforeMethod -->
        <test-method signature="test_Null_IntermediaryLicenseNumber()[pri:21, instance:Register.Test_13_IntermediaryLicenseNumber_Negative@28ec166e]" started-at="2024-05-17T16:24:41 IST" name="test_Null_IntermediaryLicenseNumber" finished-at="2024-05-17T16:24:42 IST" duration-ms="321" status="PASS">
          <reporter-output>
          </reporter-output>
        </test-method> <!-- test_Null_IntermediaryLicenseNumber -->
        <test-method is-config="true" signature="afterMethod(org.testng.ITestResult)[pri:0, instance:Register.Test_13_IntermediaryLicenseNumber_Negative@28ec166e]" started-at="2024-05-17T16:24:42 IST" name="afterMethod" finished-at="2024-05-17T16:24:42 IST" duration-ms="5" status="PASS">
          <params>
            <param index="0">
              <value>
                <![CDATA[[TestResult name=test_Null_IntermediaryLicenseNumber status=SUCCESS method=Test_13_IntermediaryLicenseNumber_Negative.test_Null_IntermediaryLicenseNumber()[pri:21, instance:Register.Test_13_IntermediaryLicenseNumber_Negative@28ec166e] output={null}]]]>
              </value>
            </param>
          </params>
          <reporter-output>
          </reporter-output>
        </test-method> <!-- afterMethod -->
        <test-method is-config="true" signature="beforeMethod()[pri:0, instance:Register.Test_13_IntermediaryLicenseNumber_Negative@28ec166e]" started-at="2024-05-17T16:24:42 IST" name="beforeMethod" finished-at="2024-05-17T16:24:42 IST" duration-ms="1" status="PASS">
          <reporter-output>
          </reporter-output>
        </test-method> <!-- beforeMethod -->
        <test-method signature="test_Invalid_IntermediaryLicenseNumber()[pri:22, instance:Register.Test_13_IntermediaryLicenseNumber_Negative@28ec166e]" started-at="2024-05-17T16:24:42 IST" name="test_Invalid_IntermediaryLicenseNumber" finished-at="2024-05-17T16:24:42 IST" duration-ms="280" status="PASS">
          <reporter-output>
          </reporter-output>
        </test-method> <!-- test_Invalid_IntermediaryLicenseNumber -->
        <test-method is-config="true" signature="afterMethod(org.testng.ITestResult)[pri:0, instance:Register.Test_13_IntermediaryLicenseNumber_Negative@28ec166e]" started-at="2024-05-17T16:24:42 IST" name="afterMethod" finished-at="2024-05-17T16:24:42 IST" duration-ms="4" status="PASS">
          <params>
            <param index="0">
              <value>
                <![CDATA[[TestResult name=test_Invalid_IntermediaryLicenseNumber status=SUCCESS method=Test_13_IntermediaryLicenseNumber_Negative.test_Invalid_IntermediaryLicenseNumber()[pri:22, instance:Register.Test_13_IntermediaryLicenseNumber_Negative@28ec166e] output={null}]]]>
              </value>
            </param>
          </params>
          <reporter-output>
          </reporter-output>
        </test-method> <!-- afterMethod -->
      </class> <!-- Register.Test_13_IntermediaryLicenseNumber_Negative -->
      <class name="Register.Test_21_PolicyTypeID_Negative">
        <test-method signature="test_Policy_Type_ID_Null()[pri:46, instance:Register.Test_21_PolicyTypeID_Negative@62727399]" started-at="2024-05-17T16:24:50 IST" name="test_Policy_Type_ID_Null" finished-at="2024-05-17T16:24:50 IST" duration-ms="238" status="PASS">
          <reporter-output>
          </reporter-output>
        </test-method> <!-- test_Policy_Type_ID_Null -->
        <test-method is-config="true" signature="beforeMethod()[pri:0, instance:Register.Test_21_PolicyTypeID_Negative@62727399]" started-at="2024-05-17T16:24:50 IST" name="beforeMethod" finished-at="2024-05-17T16:24:50 IST" duration-ms="0" status="PASS">
          <reporter-output>
          </reporter-output>
        </test-method> <!-- beforeMethod -->
        <test-method is-config="true" signature="afterMethod(org.testng.ITestResult)[pri:0, instance:Register.Test_21_PolicyTypeID_Negative@62727399]" started-at="2024-05-17T16:24:50 IST" name="afterMethod" finished-at="2024-05-17T16:24:50 IST" duration-ms="2" status="PASS">
          <params>
            <param index="0">
              <value>
                <![CDATA[[TestResult name=test_Policy_Type_ID_Null status=SUCCESS method=Test_21_PolicyTypeID_Negative.test_Policy_Type_ID_Null()[pri:46, instance:Register.Test_21_PolicyTypeID_Negative@62727399] output={null}]]]>
              </value>
            </param>
          </params>
          <reporter-output>
          </reporter-output>
        </test-method> <!-- afterMethod -->
        <test-method is-config="true" signature="beforeMethod()[pri:0, instance:Register.Test_21_PolicyTypeID_Negative@62727399]" started-at="2024-05-17T16:24:50 IST" name="beforeMethod" finished-at="2024-05-17T16:24:50 IST" duration-ms="1" status="PASS">
          <reporter-output>
          </reporter-output>
        </test-method> <!-- beforeMethod -->
        <test-method signature="test_Policy_Type_ID_Invalid()[pri:47, instance:Register.Test_21_PolicyTypeID_Negative@62727399]" started-at="2024-05-17T16:24:50 IST" name="test_Policy_Type_ID_Invalid" finished-at="2024-05-17T16:24:50 IST" duration-ms="276" status="PASS">
          <reporter-output>
          </reporter-output>
        </test-method> <!-- test_Policy_Type_ID_Invalid -->
        <test-method is-config="true" signature="afterMethod(org.testng.ITestResult)[pri:0, instance:Register.Test_21_PolicyTypeID_Negative@62727399]" started-at="2024-05-17T16:24:50 IST" name="afterMethod" finished-at="2024-05-17T16:24:50 IST" duration-ms="3" status="PASS">
          <params>
            <param index="0">
              <value>
                <![CDATA[[TestResult name=test_Policy_Type_ID_Invalid status=SUCCESS method=Test_21_PolicyTypeID_Negative.test_Policy_Type_ID_Invalid()[pri:47, instance:Register.Test_21_PolicyTypeID_Negative@62727399] output={null}]]]>
              </value>
            </param>
          </params>
          <reporter-output>
          </reporter-output>
        </test-method> <!-- afterMethod -->
        <test-method signature="test_Policy_Type_ID_Invalid_Numeric()[pri:48, instance:Register.Test_21_PolicyTypeID_Negative@62727399]" started-at="2024-05-17T16:24:50 IST" name="test_Policy_Type_ID_Invalid_Numeric" finished-at="2024-05-17T16:24:50 IST" duration-ms="330" status="PASS">
          <reporter-output>
          </reporter-output>
        </test-method> <!-- test_Policy_Type_ID_Invalid_Numeric -->
        <test-method is-config="true" signature="beforeMethod()[pri:0, instance:Register.Test_21_PolicyTypeID_Negative@62727399]" started-at="2024-05-17T16:24:50 IST" name="beforeMethod" finished-at="2024-05-17T16:24:50 IST" duration-ms="0" status="PASS">
          <reporter-output>
          </reporter-output>
        </test-method> <!-- beforeMethod -->
        <test-method is-config="true" signature="afterMethod(org.testng.ITestResult)[pri:0, instance:Register.Test_21_PolicyTypeID_Negative@62727399]" started-at="2024-05-17T16:24:50 IST" name="afterMethod" finished-at="2024-05-17T16:24:50 IST" duration-ms="3" status="PASS">
          <params>
            <param index="0">
              <value>
                <![CDATA[[TestResult name=test_Policy_Type_ID_Invalid_Numeric status=SUCCESS method=Test_21_PolicyTypeID_Negative.test_Policy_Type_ID_Invalid_Numeric()[pri:48, instance:Register.Test_21_PolicyTypeID_Negative@62727399] output={null}]]]>
              </value>
            </param>
          </params>
          <reporter-output>
          </reporter-output>
        </test-method> <!-- afterMethod -->
      </class> <!-- Register.Test_21_PolicyTypeID_Negative -->
      <class name="Register.Test_24_SourceOfComplaint_Negative">
        <test-method signature="test_Source_Of_Complaint_Null()[pri:55, instance:Register.Test_24_SourceOfComplaint_Negative@2654635]" started-at="2024-05-17T16:24:52 IST" name="test_Source_Of_Complaint_Null" finished-at="2024-05-17T16:24:53 IST" duration-ms="264" status="PASS">
          <reporter-output>
          </reporter-output>
        </test-method> <!-- test_Source_Of_Complaint_Null -->
        <test-method is-config="true" signature="beforeMethod()[pri:0, instance:Register.Test_24_SourceOfComplaint_Negative@2654635]" started-at="2024-05-17T16:24:52 IST" name="beforeMethod" finished-at="2024-05-17T16:24:52 IST" duration-ms="0" status="PASS">
          <reporter-output>
          </reporter-output>
        </test-method> <!-- beforeMethod -->
        <test-method is-config="true" signature="afterMethod(org.testng.ITestResult)[pri:0, instance:Register.Test_24_SourceOfComplaint_Negative@2654635]" started-at="2024-05-17T16:24:53 IST" name="afterMethod" finished-at="2024-05-17T16:24:53 IST" duration-ms="3" status="PASS">
          <params>
            <param index="0">
              <value>
                <![CDATA[[TestResult name=test_Source_Of_Complaint_Null status=SUCCESS method=Test_24_SourceOfComplaint_Negative.test_Source_Of_Complaint_Null()[pri:55, instance:Register.Test_24_SourceOfComplaint_Negative@2654635] output={null}]]]>
              </value>
            </param>
          </params>
          <reporter-output>
          </reporter-output>
        </test-method> <!-- afterMethod -->
        <test-method signature="test_Source_Of_Complaint_Alphabetical()[pri:56, instance:Register.Test_24_SourceOfComplaint_Negative@2654635]" started-at="2024-05-17T16:24:53 IST" name="test_Source_Of_Complaint_Alphabetical" finished-at="2024-05-17T16:24:53 IST" duration-ms="225" status="PASS">
          <reporter-output>
          </reporter-output>
        </test-method> <!-- test_Source_Of_Complaint_Alphabetical -->
        <test-method is-config="true" signature="beforeMethod()[pri:0, instance:Register.Test_24_SourceOfComplaint_Negative@2654635]" started-at="2024-05-17T16:24:53 IST" name="beforeMethod" finished-at="2024-05-17T16:24:53 IST" duration-ms="0" status="PASS">
          <reporter-output>
          </reporter-output>
        </test-method> <!-- beforeMethod -->
        <test-method is-config="true" signature="afterMethod(org.testng.ITestResult)[pri:0, instance:Register.Test_24_SourceOfComplaint_Negative@2654635]" started-at="2024-05-17T16:24:53 IST" name="afterMethod" finished-at="2024-05-17T16:24:53 IST" duration-ms="3" status="PASS">
          <params>
            <param index="0">
              <value>
                <![CDATA[[TestResult name=test_Source_Of_Complaint_Alphabetical status=SUCCESS method=Test_24_SourceOfComplaint_Negative.test_Source_Of_Complaint_Alphabetical()[pri:56, instance:Register.Test_24_SourceOfComplaint_Negative@2654635] output={null}]]]>
              </value>
            </param>
          </params>
          <reporter-output>
          </reporter-output>
        </test-method> <!-- afterMethod -->
        <test-method signature="test_Source_Of_Complaint_SpecialChars()[pri:57, instance:Register.Test_24_SourceOfComplaint_Negative@2654635]" started-at="2024-05-17T16:24:53 IST" name="test_Source_Of_Complaint_SpecialChars" finished-at="2024-05-17T16:24:53 IST" duration-ms="381" status="PASS">
          <reporter-output>
          </reporter-output>
        </test-method> <!-- test_Source_Of_Complaint_SpecialChars -->
        <test-method is-config="true" signature="beforeMethod()[pri:0, instance:Register.Test_24_SourceOfComplaint_Negative@2654635]" started-at="2024-05-17T16:24:53 IST" name="beforeMethod" finished-at="2024-05-17T16:24:53 IST" duration-ms="0" status="PASS">
          <reporter-output>
          </reporter-output>
        </test-method> <!-- beforeMethod -->
        <test-method is-config="true" signature="afterMethod(org.testng.ITestResult)[pri:0, instance:Register.Test_24_SourceOfComplaint_Negative@2654635]" started-at="2024-05-17T16:24:53 IST" name="afterMethod" finished-at="2024-05-17T16:24:53 IST" duration-ms="3" status="PASS">
          <params>
            <param index="0">
              <value>
                <![CDATA[[TestResult name=test_Source_Of_Complaint_SpecialChars status=SUCCESS method=Test_24_SourceOfComplaint_Negative.test_Source_Of_Complaint_SpecialChars()[pri:57, instance:Register.Test_24_SourceOfComplaint_Negative@2654635] output={null}]]]>
              </value>
            </param>
          </params>
          <reporter-output>
          </reporter-output>
        </test-method> <!-- afterMethod -->
        <test-method is-config="true" signature="beforeMethod()[pri:0, instance:Register.Test_24_SourceOfComplaint_Negative@2654635]" started-at="2024-05-17T16:24:53 IST" name="beforeMethod" finished-at="2024-05-17T16:24:53 IST" duration-ms="1" status="PASS">
          <reporter-output>
          </reporter-output>
        </test-method> <!-- beforeMethod -->
        <test-method signature="test_Source_Of_Complaint_Invalid()[pri:58, instance:Register.Test_24_SourceOfComplaint_Negative@2654635]" started-at="2024-05-17T16:24:53 IST" name="test_Source_Of_Complaint_Invalid" finished-at="2024-05-17T16:24:53 IST" duration-ms="222" status="PASS">
          <reporter-output>
          </reporter-output>
        </test-method> <!-- test_Source_Of_Complaint_Invalid -->
        <test-method is-config="true" signature="afterMethod(org.testng.ITestResult)[pri:0, instance:Register.Test_24_SourceOfComplaint_Negative@2654635]" started-at="2024-05-17T16:24:53 IST" name="afterMethod" finished-at="2024-05-17T16:24:53 IST" duration-ms="3" status="PASS">
          <params>
            <param index="0">
              <value>
                <![CDATA[[TestResult name=test_Source_Of_Complaint_Invalid status=SUCCESS method=Test_24_SourceOfComplaint_Negative.test_Source_Of_Complaint_Invalid()[pri:58, instance:Register.Test_24_SourceOfComplaint_Negative@2654635] output={null}]]]>
              </value>
            </param>
          </params>
          <reporter-output>
          </reporter-output>
        </test-method> <!-- afterMethod -->
      </class> <!-- Register.Test_24_SourceOfComplaint_Negative -->
      <class name="Register.Test_31_IdentifierType_Negative">
        <test-method is-config="true" signature="beforeMethod()[pri:0, instance:Register.Test_31_IdentifierType_Negative@736caf7a]" started-at="2024-05-17T16:24:59 IST" name="beforeMethod" finished-at="2024-05-17T16:24:59 IST" duration-ms="1" status="PASS">
          <reporter-output>
          </reporter-output>
        </test-method> <!-- beforeMethod -->
        <test-method signature="test_Identifier_Type_Null()[pri:79, instance:Register.Test_31_IdentifierType_Negative@736caf7a]" started-at="2024-05-17T16:24:59 IST" name="test_Identifier_Type_Null" finished-at="2024-05-17T16:25:00 IST" duration-ms="705" status="PASS">
          <reporter-output>
          </reporter-output>
        </test-method> <!-- test_Identifier_Type_Null -->
        <test-method is-config="true" signature="afterMethod(org.testng.ITestResult)[pri:0, instance:Register.Test_31_IdentifierType_Negative@736caf7a]" started-at="2024-05-17T16:25:00 IST" name="afterMethod" finished-at="2024-05-17T16:25:00 IST" duration-ms="4" status="PASS">
          <params>
            <param index="0">
              <value>
                <![CDATA[[TestResult name=test_Identifier_Type_Null status=SUCCESS method=Test_31_IdentifierType_Negative.test_Identifier_Type_Null()[pri:79, instance:Register.Test_31_IdentifierType_Negative@736caf7a] output={null}]]]>
              </value>
            </param>
          </params>
          <reporter-output>
          </reporter-output>
        </test-method> <!-- afterMethod -->
        <test-method signature="test_Identifier_type_SpecialChars()[pri:80, instance:Register.Test_31_IdentifierType_Negative@736caf7a]" started-at="2024-05-17T16:25:00 IST" name="test_Identifier_type_SpecialChars" finished-at="2024-05-17T16:25:00 IST" duration-ms="328" status="PASS">
          <reporter-output>
          </reporter-output>
        </test-method> <!-- test_Identifier_type_SpecialChars -->
        <test-method is-config="true" signature="beforeMethod()[pri:0, instance:Register.Test_31_IdentifierType_Negative@736caf7a]" started-at="2024-05-17T16:25:00 IST" name="beforeMethod" finished-at="2024-05-17T16:25:00 IST" duration-ms="0" status="PASS">
          <reporter-output>
          </reporter-output>
        </test-method> <!-- beforeMethod -->
        <test-method is-config="true" signature="afterMethod(org.testng.ITestResult)[pri:0, instance:Register.Test_31_IdentifierType_Negative@736caf7a]" started-at="2024-05-17T16:25:00 IST" name="afterMethod" finished-at="2024-05-17T16:25:00 IST" duration-ms="1" status="PASS">
          <params>
            <param index="0">
              <value>
                <![CDATA[[TestResult name=test_Identifier_type_SpecialChars status=SUCCESS method=Test_31_IdentifierType_Negative.test_Identifier_type_SpecialChars()[pri:80, instance:Register.Test_31_IdentifierType_Negative@736caf7a] output={null}]]]>
              </value>
            </param>
          </params>
          <reporter-output>
          </reporter-output>
        </test-method> <!-- afterMethod -->
        <test-method signature="test_Identifier_type_Alphabetical()[pri:81, instance:Register.Test_31_IdentifierType_Negative@736caf7a]" started-at="2024-05-17T16:25:00 IST" name="test_Identifier_type_Alphabetical" finished-at="2024-05-17T16:25:01 IST" duration-ms="178" status="PASS">
          <reporter-output>
          </reporter-output>
        </test-method> <!-- test_Identifier_type_Alphabetical -->
        <test-method is-config="true" signature="beforeMethod()[pri:0, instance:Register.Test_31_IdentifierType_Negative@736caf7a]" started-at="2024-05-17T16:25:00 IST" name="beforeMethod" finished-at="2024-05-17T16:25:00 IST" duration-ms="0" status="PASS">
          <reporter-output>
          </reporter-output>
        </test-method> <!-- beforeMethod -->
        <test-method is-config="true" signature="afterMethod(org.testng.ITestResult)[pri:0, instance:Register.Test_31_IdentifierType_Negative@736caf7a]" started-at="2024-05-17T16:25:01 IST" name="afterMethod" finished-at="2024-05-17T16:25:01 IST" duration-ms="1" status="PASS">
          <params>
            <param index="0">
              <value>
                <![CDATA[[TestResult name=test_Identifier_type_Alphabetical status=SUCCESS method=Test_31_IdentifierType_Negative.test_Identifier_type_Alphabetical()[pri:81, instance:Register.Test_31_IdentifierType_Negative@736caf7a] output={null}]]]>
              </value>
            </param>
          </params>
          <reporter-output>
          </reporter-output>
        </test-method> <!-- afterMethod -->
        <test-method is-config="true" signature="beforeMethod()[pri:0, instance:Register.Test_31_IdentifierType_Negative@736caf7a]" started-at="2024-05-17T16:25:01 IST" name="beforeMethod" finished-at="2024-05-17T16:25:01 IST" duration-ms="1" status="PASS">
          <reporter-output>
          </reporter-output>
        </test-method> <!-- beforeMethod -->
        <test-method signature="test_Identifier_type_Invalid()[pri:82, instance:Register.Test_31_IdentifierType_Negative@736caf7a]" started-at="2024-05-17T16:25:01 IST" name="test_Identifier_type_Invalid" finished-at="2024-05-17T16:25:01 IST" duration-ms="310" status="PASS">
          <reporter-output>
          </reporter-output>
        </test-method> <!-- test_Identifier_type_Invalid -->
        <test-method is-config="true" signature="afterMethod(org.testng.ITestResult)[pri:0, instance:Register.Test_31_IdentifierType_Negative@736caf7a]" started-at="2024-05-17T16:25:01 IST" name="afterMethod" finished-at="2024-05-17T16:25:01 IST" duration-ms="6" status="PASS">
          <params>
            <param index="0">
              <value>
                <![CDATA[[TestResult name=test_Identifier_type_Invalid status=SUCCESS method=Test_31_IdentifierType_Negative.test_Identifier_type_Invalid()[pri:82, instance:Register.Test_31_IdentifierType_Negative@736caf7a] output={null}]]]>
              </value>
            </param>
          </params>
          <reporter-output>
          </reporter-output>
        </test-method> <!-- afterMethod -->
      </class> <!-- Register.Test_31_IdentifierType_Negative -->
      <class name="Register.Test_23_ComplaintDescriptionTypeID_Negative">
        <test-method is-config="true" signature="beforeMethod()[pri:0, instance:Register.Test_23_ComplaintDescriptionTypeID_Negative@130dca52]" started-at="2024-05-17T16:24:51 IST" name="beforeMethod" finished-at="2024-05-17T16:24:51 IST" duration-ms="1" status="PASS">
          <reporter-output>
          </reporter-output>
        </test-method> <!-- beforeMethod -->
        <test-method signature="test_Complaint_Description_Type_ID_Null()[pri:52, instance:Register.Test_23_ComplaintDescriptionTypeID_Negative@130dca52]" started-at="2024-05-17T16:24:51 IST" name="test_Complaint_Description_Type_ID_Null" finished-at="2024-05-17T16:24:52 IST" duration-ms="338" status="PASS">
          <reporter-output>
          </reporter-output>
        </test-method> <!-- test_Complaint_Description_Type_ID_Null -->
        <test-method is-config="true" signature="afterMethod(org.testng.ITestResult)[pri:0, instance:Register.Test_23_ComplaintDescriptionTypeID_Negative@130dca52]" started-at="2024-05-17T16:24:52 IST" name="afterMethod" finished-at="2024-05-17T16:24:52 IST" duration-ms="2" status="PASS">
          <params>
            <param index="0">
              <value>
                <![CDATA[[TestResult name=test_Complaint_Description_Type_ID_Null status=SUCCESS method=Test_23_ComplaintDescriptionTypeID_Negative.test_Complaint_Description_Type_ID_Null()[pri:52, instance:Register.Test_23_ComplaintDescriptionTypeID_Negative@130dca52] output={null}]]]>
              </value>
            </param>
          </params>
          <reporter-output>
          </reporter-output>
        </test-method> <!-- afterMethod -->
        <test-method is-config="true" signature="beforeMethod()[pri:0, instance:Register.Test_23_ComplaintDescriptionTypeID_Negative@130dca52]" started-at="2024-05-17T16:24:52 IST" name="beforeMethod" finished-at="2024-05-17T16:24:52 IST" duration-ms="1" status="PASS">
          <reporter-output>
          </reporter-output>
        </test-method> <!-- beforeMethod -->
        <test-method signature="test_Complaint_Description_Type_ID_Invalid()[pri:53, instance:Register.Test_23_ComplaintDescriptionTypeID_Negative@130dca52]" started-at="2024-05-17T16:24:52 IST" name="test_Complaint_Description_Type_ID_Invalid" finished-at="2024-05-17T16:24:52 IST" duration-ms="281" status="PASS">
          <reporter-output>
          </reporter-output>
        </test-method> <!-- test_Complaint_Description_Type_ID_Invalid -->
        <test-method is-config="true" signature="afterMethod(org.testng.ITestResult)[pri:0, instance:Register.Test_23_ComplaintDescriptionTypeID_Negative@130dca52]" started-at="2024-05-17T16:24:52 IST" name="afterMethod" finished-at="2024-05-17T16:24:52 IST" duration-ms="2" status="PASS">
          <params>
            <param index="0">
              <value>
                <![CDATA[[TestResult name=test_Complaint_Description_Type_ID_Invalid status=SUCCESS method=Test_23_ComplaintDescriptionTypeID_Negative.test_Complaint_Description_Type_ID_Invalid()[pri:53, instance:Register.Test_23_ComplaintDescriptionTypeID_Negative@130dca52] output={null}]]]>
              </value>
            </param>
          </params>
          <reporter-output>
          </reporter-output>
        </test-method> <!-- afterMethod -->
        <test-method signature="test_Complaint_Description_Type_ID_Invalid_Numeric()[pri:54, instance:Register.Test_23_ComplaintDescriptionTypeID_Negative@130dca52]" started-at="2024-05-17T16:24:52 IST" name="test_Complaint_Description_Type_ID_Invalid_Numeric" finished-at="2024-05-17T16:24:52 IST" duration-ms="395" status="PASS">
          <reporter-output>
          </reporter-output>
        </test-method> <!-- test_Complaint_Description_Type_ID_Invalid_Numeric -->
        <test-method is-config="true" signature="beforeMethod()[pri:0, instance:Register.Test_23_ComplaintDescriptionTypeID_Negative@130dca52]" started-at="2024-05-17T16:24:52 IST" name="beforeMethod" finished-at="2024-05-17T16:24:52 IST" duration-ms="0" status="PASS">
          <reporter-output>
          </reporter-output>
        </test-method> <!-- beforeMethod -->
        <test-method is-config="true" signature="afterMethod(org.testng.ITestResult)[pri:0, instance:Register.Test_23_ComplaintDescriptionTypeID_Negative@130dca52]" started-at="2024-05-17T16:24:52 IST" name="afterMethod" finished-at="2024-05-17T16:24:52 IST" duration-ms="2" status="PASS">
          <params>
            <param index="0">
              <value>
                <![CDATA[[TestResult name=test_Complaint_Description_Type_ID_Invalid_Numeric status=SUCCESS method=Test_23_ComplaintDescriptionTypeID_Negative.test_Complaint_Description_Type_ID_Invalid_Numeric()[pri:54, instance:Register.Test_23_ComplaintDescriptionTypeID_Negative@130dca52] output={null}]]]>
              </value>
            </param>
          </params>
          <reporter-output>
          </reporter-output>
        </test-method> <!-- afterMethod -->
      </class> <!-- Register.Test_23_ComplaintDescriptionTypeID_Negative -->
      <class name="Register.Test_16_FirstName_Negative">
        <test-method signature="test_Null_FirstName()[pri:31, instance:Register.Test_16_FirstName_Negative@5629510]" started-at="2024-05-17T16:24:45 IST" name="test_Null_FirstName" finished-at="2024-05-17T16:24:45 IST" duration-ms="223" status="PASS">
          <reporter-output>
          </reporter-output>
        </test-method> <!-- test_Null_FirstName -->
        <test-method is-config="true" signature="beforeMethod()[pri:0, instance:Register.Test_16_FirstName_Negative@5629510]" started-at="2024-05-17T16:24:45 IST" name="beforeMethod" finished-at="2024-05-17T16:24:45 IST" duration-ms="0" status="PASS">
          <reporter-output>
          </reporter-output>
        </test-method> <!-- beforeMethod -->
        <test-method is-config="true" signature="afterMethod(org.testng.ITestResult)[pri:0, instance:Register.Test_16_FirstName_Negative@5629510]" started-at="2024-05-17T16:24:45 IST" name="afterMethod" finished-at="2024-05-17T16:24:45 IST" duration-ms="3" status="PASS">
          <params>
            <param index="0">
              <value>
                <![CDATA[[TestResult name=test_Null_FirstName status=SUCCESS method=Test_16_FirstName_Negative.test_Null_FirstName()[pri:31, instance:Register.Test_16_FirstName_Negative@5629510] output={null}]]]>
              </value>
            </param>
          </params>
          <reporter-output>
          </reporter-output>
        </test-method> <!-- afterMethod -->
        <test-method is-config="true" signature="beforeMethod()[pri:0, instance:Register.Test_16_FirstName_Negative@5629510]" started-at="2024-05-17T16:24:45 IST" name="beforeMethod" finished-at="2024-05-17T16:24:45 IST" duration-ms="1" status="PASS">
          <reporter-output>
          </reporter-output>
        </test-method> <!-- beforeMethod -->
        <test-method signature="test_maxLength_exceeding_FirstName_Field()[pri:32, instance:Register.Test_16_FirstName_Negative@5629510]" started-at="2024-05-17T16:24:45 IST" name="test_maxLength_exceeding_FirstName_Field" finished-at="2024-05-17T16:24:45 IST" duration-ms="350" status="PASS">
          <reporter-output>
          </reporter-output>
        </test-method> <!-- test_maxLength_exceeding_FirstName_Field -->
        <test-method is-config="true" signature="afterMethod(org.testng.ITestResult)[pri:0, instance:Register.Test_16_FirstName_Negative@5629510]" started-at="2024-05-17T16:24:45 IST" name="afterMethod" finished-at="2024-05-17T16:24:45 IST" duration-ms="3" status="PASS">
          <params>
            <param index="0">
              <value>
                <![CDATA[[TestResult name=test_maxLength_exceeding_FirstName_Field status=SUCCESS method=Test_16_FirstName_Negative.test_maxLength_exceeding_FirstName_Field()[pri:32, instance:Register.Test_16_FirstName_Negative@5629510] output={null}]]]>
              </value>
            </param>
          </params>
          <reporter-output>
          </reporter-output>
        </test-method> <!-- afterMethod -->
      </class> <!-- Register.Test_16_FirstName_Negative -->
      <class name="Register.Test_30_PolicyProposalCertClaimNumber_Negative">
        <test-method is-config="true" signature="beforeMethod()[pri:0, instance:Register.Test_30_PolicyProposalCertClaimNumber_Negative@115667d]" started-at="2024-05-17T16:24:59 IST" name="beforeMethod" finished-at="2024-05-17T16:24:59 IST" duration-ms="1" status="PASS">
          <reporter-output>
          </reporter-output>
        </test-method> <!-- beforeMethod -->
        <test-method signature="test_Policy_Proposal_Cert_Claim_Number_Null()[pri:78, instance:Register.Test_30_PolicyProposalCertClaimNumber_Negative@115667d]" started-at="2024-05-17T16:24:59 IST" name="test_Policy_Proposal_Cert_Claim_Number_Null" finished-at="2024-05-17T16:24:59 IST" duration-ms="344" status="PASS">
          <reporter-output>
          </reporter-output>
        </test-method> <!-- test_Policy_Proposal_Cert_Claim_Number_Null -->
        <test-method is-config="true" signature="afterMethod(org.testng.ITestResult)[pri:0, instance:Register.Test_30_PolicyProposalCertClaimNumber_Negative@115667d]" started-at="2024-05-17T16:24:59 IST" name="afterMethod" finished-at="2024-05-17T16:24:59 IST" duration-ms="4" status="PASS">
          <params>
            <param index="0">
              <value>
                <![CDATA[[TestResult name=test_Policy_Proposal_Cert_Claim_Number_Null status=SUCCESS method=Test_30_PolicyProposalCertClaimNumber_Negative.test_Policy_Proposal_Cert_Claim_Number_Null()[pri:78, instance:Register.Test_30_PolicyProposalCertClaimNumber_Negative@115667d] output={null}]]]>
              </value>
            </param>
          </params>
          <reporter-output>
          </reporter-output>
        </test-method> <!-- afterMethod -->
      </class> <!-- Register.Test_30_PolicyProposalCertClaimNumber_Negative -->
      <class name="Register.Test_3_RegisterComplaint_Dates_Negative">
        <test-method is-config="true" signature="beforeMethod()[pri:0, instance:Register.Test_3_RegisterComplaint_Dates_Negative@126945f9]" started-at="2024-05-17T16:24:34 IST" name="beforeMethod" finished-at="2024-05-17T16:24:34 IST" duration-ms="1" status="PASS">
          <reporter-output>
          </reporter-output>
        </test-method> <!-- beforeMethod -->
        <test-method signature="test_registerComplaint_FutureDate()[pri:3, instance:Register.Test_3_RegisterComplaint_Dates_Negative@126945f9]" started-at="2024-05-17T16:24:34 IST" name="test_registerComplaint_FutureDate" finished-at="2024-05-17T16:24:35 IST" duration-ms="356" status="PASS">
          <reporter-output>
          </reporter-output>
        </test-method> <!-- test_registerComplaint_FutureDate -->
        <test-method is-config="true" signature="afterMethod(org.testng.ITestResult)[pri:0, instance:Register.Test_3_RegisterComplaint_Dates_Negative@126945f9]" started-at="2024-05-17T16:24:35 IST" name="afterMethod" finished-at="2024-05-17T16:24:35 IST" duration-ms="4" status="PASS">
          <params>
            <param index="0">
              <value>
                <![CDATA[[TestResult name=test_registerComplaint_FutureDate status=SUCCESS method=Test_3_RegisterComplaint_Dates_Negative.test_registerComplaint_FutureDate()[pri:3, instance:Register.Test_3_RegisterComplaint_Dates_Negative@126945f9] output={null}]]]>
              </value>
            </param>
          </params>
          <reporter-output>
          </reporter-output>
        </test-method> <!-- afterMethod -->
        <test-method is-config="true" signature="beforeMethod()[pri:0, instance:Register.Test_3_RegisterComplaint_Dates_Negative@126945f9]" started-at="2024-05-17T16:24:35 IST" name="beforeMethod" finished-at="2024-05-17T16:24:35 IST" duration-ms="1" status="PASS">
          <reporter-output>
          </reporter-output>
        </test-method> <!-- beforeMethod -->
        <test-method signature="test_registerComplaint_InvalidDateFormat()[pri:4, instance:Register.Test_3_RegisterComplaint_Dates_Negative@126945f9]" started-at="2024-05-17T16:24:35 IST" name="test_registerComplaint_InvalidDateFormat" finished-at="2024-05-17T16:24:35 IST" duration-ms="269" status="PASS">
          <reporter-output>
          </reporter-output>
        </test-method> <!-- test_registerComplaint_InvalidDateFormat -->
        <test-method is-config="true" signature="afterMethod(org.testng.ITestResult)[pri:0, instance:Register.Test_3_RegisterComplaint_Dates_Negative@126945f9]" started-at="2024-05-17T16:24:35 IST" name="afterMethod" finished-at="2024-05-17T16:24:35 IST" duration-ms="4" status="PASS">
          <params>
            <param index="0">
              <value>
                <![CDATA[[TestResult name=test_registerComplaint_InvalidDateFormat status=SUCCESS method=Test_3_RegisterComplaint_Dates_Negative.test_registerComplaint_InvalidDateFormat()[pri:4, instance:Register.Test_3_RegisterComplaint_Dates_Negative@126945f9] output={null}]]]>
              </value>
            </param>
          </params>
          <reporter-output>
          </reporter-output>
        </test-method> <!-- afterMethod -->
        <test-method is-config="true" signature="beforeMethod()[pri:0, instance:Register.Test_3_RegisterComplaint_Dates_Negative@126945f9]" started-at="2024-05-17T16:24:35 IST" name="beforeMethod" finished-at="2024-05-17T16:24:35 IST" duration-ms="2" status="PASS">
          <reporter-output>
          </reporter-output>
        </test-method> <!-- beforeMethod -->
        <test-method signature="test_complaintDateAndReceiptDate_Null()[pri:5, instance:Register.Test_3_RegisterComplaint_Dates_Negative@126945f9]" started-at="2024-05-17T16:24:35 IST" name="test_complaintDateAndReceiptDate_Null" finished-at="2024-05-17T16:24:35 IST" duration-ms="418" status="PASS">
          <reporter-output>
          </reporter-output>
        </test-method> <!-- test_complaintDateAndReceiptDate_Null -->
        <test-method is-config="true" signature="afterMethod(org.testng.ITestResult)[pri:0, instance:Register.Test_3_RegisterComplaint_Dates_Negative@126945f9]" started-at="2024-05-17T16:24:35 IST" name="afterMethod" finished-at="2024-05-17T16:24:35 IST" duration-ms="5" status="PASS">
          <params>
            <param index="0">
              <value>
                <![CDATA[[TestResult name=test_complaintDateAndReceiptDate_Null status=SUCCESS method=Test_3_RegisterComplaint_Dates_Negative.test_complaintDateAndReceiptDate_Null()[pri:5, instance:Register.Test_3_RegisterComplaint_Dates_Negative@126945f9] output={null}]]]>
              </value>
            </param>
          </params>
          <reporter-output>
          </reporter-output>
        </test-method> <!-- afterMethod -->
        <test-method signature="test_complaintDate_And_ComplaintReceiptDate_Zero()[pri:6, instance:Register.Test_3_RegisterComplaint_Dates_Negative@126945f9]" started-at="2024-05-17T16:24:35 IST" name="test_complaintDate_And_ComplaintReceiptDate_Zero" finished-at="2024-05-17T16:24:36 IST" duration-ms="410" status="PASS">
          <reporter-output>
          </reporter-output>
        </test-method> <!-- test_complaintDate_And_ComplaintReceiptDate_Zero -->
        <test-method is-config="true" signature="beforeMethod()[pri:0, instance:Register.Test_3_RegisterComplaint_Dates_Negative@126945f9]" started-at="2024-05-17T16:24:35 IST" name="beforeMethod" finished-at="2024-05-17T16:24:35 IST" duration-ms="0" status="PASS">
          <reporter-output>
          </reporter-output>
        </test-method> <!-- beforeMethod -->
        <test-method is-config="true" signature="afterMethod(org.testng.ITestResult)[pri:0, instance:Register.Test_3_RegisterComplaint_Dates_Negative@126945f9]" started-at="2024-05-17T16:24:36 IST" name="afterMethod" finished-at="2024-05-17T16:24:36 IST" duration-ms="3" status="PASS">
          <params>
            <param index="0">
              <value>
                <![CDATA[[TestResult name=test_complaintDate_And_ComplaintReceiptDate_Zero status=SUCCESS method=Test_3_RegisterComplaint_Dates_Negative.test_complaintDate_And_ComplaintReceiptDate_Zero()[pri:6, instance:Register.Test_3_RegisterComplaint_Dates_Negative@126945f9] output={null}]]]>
              </value>
            </param>
          </params>
          <reporter-output>
          </reporter-output>
        </test-method> <!-- afterMethod -->
        <test-method is-config="true" signature="beforeMethod()[pri:0, instance:Register.Test_3_RegisterComplaint_Dates_Negative@126945f9]" started-at="2024-05-17T16:24:36 IST" name="beforeMethod" finished-at="2024-05-17T16:24:36 IST" duration-ms="1" status="PASS">
          <reporter-output>
          </reporter-output>
        </test-method> <!-- beforeMethod -->
        <test-method signature="test_complaintDate_And_ComplaintReceiptDate_AsChracter()[pri:7, instance:Register.Test_3_RegisterComplaint_Dates_Negative@126945f9]" started-at="2024-05-17T16:24:36 IST" name="test_complaintDate_And_ComplaintReceiptDate_AsChracter" finished-at="2024-05-17T16:24:36 IST" duration-ms="322" status="PASS">
          <reporter-output>
          </reporter-output>
        </test-method> <!-- test_complaintDate_And_ComplaintReceiptDate_AsChracter -->
        <test-method is-config="true" signature="afterMethod(org.testng.ITestResult)[pri:0, instance:Register.Test_3_RegisterComplaint_Dates_Negative@126945f9]" started-at="2024-05-17T16:24:36 IST" name="afterMethod" finished-at="2024-05-17T16:24:36 IST" duration-ms="3" status="PASS">
          <params>
            <param index="0">
              <value>
                <![CDATA[[TestResult name=test_complaintDate_And_ComplaintReceiptDate_AsChracter status=SUCCESS method=Test_3_RegisterComplaint_Dates_Negative.test_complaintDate_And_ComplaintReceiptDate_AsChracter()[pri:7, instance:Register.Test_3_RegisterComplaint_Dates_Negative@126945f9] output={null}]]]>
              </value>
            </param>
          </params>
          <reporter-output>
          </reporter-output>
        </test-method> <!-- afterMethod -->
      </class> <!-- Register.Test_3_RegisterComplaint_Dates_Negative -->
      <class name="Register.Test_15_ComplaintAgainstTypeID_Negative">
        <test-method is-config="true" signature="beforeMethod()[pri:0, instance:Register.Test_15_ComplaintAgainstTypeID_Negative@2da59753]" started-at="2024-05-17T16:24:43 IST" name="beforeMethod" finished-at="2024-05-17T16:24:43 IST" duration-ms="1" status="PASS">
          <reporter-output>
          </reporter-output>
        </test-method> <!-- beforeMethod -->
        <test-method signature="test_Null_ComplaintAgainstTypeID()[pri:27, instance:Register.Test_15_ComplaintAgainstTypeID_Negative@2da59753]" started-at="2024-05-17T16:24:43 IST" name="test_Null_ComplaintAgainstTypeID" finished-at="2024-05-17T16:24:43 IST" duration-ms="231" status="PASS">
          <reporter-output>
          </reporter-output>
        </test-method> <!-- test_Null_ComplaintAgainstTypeID -->
        <test-method is-config="true" signature="afterMethod(org.testng.ITestResult)[pri:0, instance:Register.Test_15_ComplaintAgainstTypeID_Negative@2da59753]" started-at="2024-05-17T16:24:43 IST" name="afterMethod" finished-at="2024-05-17T16:24:43 IST" duration-ms="3" status="PASS">
          <params>
            <param index="0">
              <value>
                <![CDATA[[TestResult name=test_Null_ComplaintAgainstTypeID status=SUCCESS method=Test_15_ComplaintAgainstTypeID_Negative.test_Null_ComplaintAgainstTypeID()[pri:27, instance:Register.Test_15_ComplaintAgainstTypeID_Negative@2da59753] output={null}]]]>
              </value>
            </param>
          </params>
          <reporter-output>
          </reporter-output>
        </test-method> <!-- afterMethod -->
        <test-method is-config="true" signature="beforeMethod()[pri:0, instance:Register.Test_15_ComplaintAgainstTypeID_Negative@2da59753]" started-at="2024-05-17T16:24:43 IST" name="beforeMethod" finished-at="2024-05-17T16:24:43 IST" duration-ms="1" status="PASS">
          <reporter-output>
          </reporter-output>
        </test-method> <!-- beforeMethod -->
        <test-method signature="test_Alphabatical_ComplaintAgainstTypeID()[pri:28, instance:Register.Test_15_ComplaintAgainstTypeID_Negative@2da59753]" started-at="2024-05-17T16:24:43 IST" name="test_Alphabatical_ComplaintAgainstTypeID" finished-at="2024-05-17T16:24:44 IST" duration-ms="318" status="PASS">
          <reporter-output>
          </reporter-output>
        </test-method> <!-- test_Alphabatical_ComplaintAgainstTypeID -->
        <test-method is-config="true" signature="afterMethod(org.testng.ITestResult)[pri:0, instance:Register.Test_15_ComplaintAgainstTypeID_Negative@2da59753]" started-at="2024-05-17T16:24:44 IST" name="afterMethod" finished-at="2024-05-17T16:24:44 IST" duration-ms="3" status="PASS">
          <params>
            <param index="0">
              <value>
                <![CDATA[[TestResult name=test_Alphabatical_ComplaintAgainstTypeID status=SUCCESS method=Test_15_ComplaintAgainstTypeID_Negative.test_Alphabatical_ComplaintAgainstTypeID()[pri:28, instance:Register.Test_15_ComplaintAgainstTypeID_Negative@2da59753] output={null}]]]>
              </value>
            </param>
          </params>
          <reporter-output>
          </reporter-output>
        </test-method> <!-- afterMethod -->
        <test-method is-config="true" signature="beforeMethod()[pri:0, instance:Register.Test_15_ComplaintAgainstTypeID_Negative@2da59753]" started-at="2024-05-17T16:24:44 IST" name="beforeMethod" finished-at="2024-05-17T16:24:44 IST" duration-ms="1" status="PASS">
          <reporter-output>
          </reporter-output>
        </test-method> <!-- beforeMethod -->
        <test-method signature="test_SpecialCharacter_ComplaintAgainstTypeID()[pri:29, instance:Register.Test_15_ComplaintAgainstTypeID_Negative@2da59753]" started-at="2024-05-17T16:24:44 IST" name="test_SpecialCharacter_ComplaintAgainstTypeID" finished-at="2024-05-17T16:24:44 IST" duration-ms="701" status="PASS">
          <reporter-output>
          </reporter-output>
        </test-method> <!-- test_SpecialCharacter_ComplaintAgainstTypeID -->
[...]
          <reporter-output>
          </reporter-output>
        </test-method> <!-- Update_Status_With_null_Entity_Complaint_Ref_Number_field_negative_TC -->
        <test-method is-config="true" signature="afterMethod(org.testng.ITestResult)[pri:0, instance:Update.Test_5_Ack_Pen_MandateField_Validation@3243b914]" started-at="2024-05-17T16:25:17 IST" name="afterMethod" finished-at="2024-05-17T16:25:17 IST" duration-ms="2" status="PASS">
          <params>
            <param index="0">
              <value>
                <![CDATA[[TestResult name=Update_Status_With_null_Entity_Complaint_Ref_Number_field_negative_TC status=SUCCESS method=Test_5_Ack_Pen_MandateField_Validation.Update_Status_With_null_Entity_Complaint_Ref_Number_field_negative_TC()[pri:27, instance:Update.Test_5_Ack_Pen_MandateField_Validation@3243b914] output={null}]]]>
              </value>
            </param>
          </params>
          <reporter-output>
          </reporter-output>
        </test-method> <!-- afterMethod -->
        <test-method is-config="true" signature="beforeMethod()[pri:0, instance:Update.Test_5_Ack_Pen_MandateField_Validation@3243b914]" started-at="2024-05-17T16:25:17 IST" name="beforeMethod" finished-at="2024-05-17T16:25:17 IST" duration-ms="1" status="PASS">
          <reporter-output>
          </reporter-output>
        </test-method> <!-- beforeMethod -->
        <test-method signature="Update_Status_Without_Complaint_Status_Id_field_negative_TC()[pri:28, instance:Update.Test_5_Ack_Pen_MandateField_Validation@3243b914]" started-at="2024-05-17T16:25:17 IST" name="Update_Status_Without_Complaint_Status_Id_field_negative_TC" finished-at="2024-05-17T16:25:18 IST" duration-ms="517" status="PASS">
          <reporter-output>
          </reporter-output>
        </test-method> <!-- Update_Status_Without_Complaint_Status_Id_field_negative_TC -->
        <test-method is-config="true" signature="afterMethod(org.testng.ITestResult)[pri:0, instance:Update.Test_5_Ack_Pen_MandateField_Validation@3243b914]" started-at="2024-05-17T16:25:18 IST" name="afterMethod" finished-at="2024-05-17T16:25:18 IST" duration-ms="2" status="PASS">
          <params>
            <param index="0">
              <value>
                <![CDATA[[TestResult name=Update_Status_Without_Complaint_Status_Id_field_negative_TC status=SUCCESS method=Test_5_Ack_Pen_MandateField_Validation.Update_Status_Without_Complaint_Status_Id_field_negative_TC()[pri:28, instance:Update.Test_5_Ack_Pen_MandateField_Validation@3243b914] output={null}]]]>
              </value>
            </param>
          </params>
          <reporter-output>
          </reporter-output>
        </test-method> <!-- afterMethod -->
        <test-method is-config="true" signature="beforeMethod()[pri:0, instance:Update.Test_5_Ack_Pen_MandateField_Validation@3243b914]" started-at="2024-05-17T16:25:18 IST" name="beforeMethod" finished-at="2024-05-17T16:25:18 IST" duration-ms="0" status="PASS">
          <reporter-output>
          </reporter-output>
        </test-method> <!-- beforeMethod -->
        <test-method signature="Update_Status_Without_Trans_Login_Id_Field_negative_TC()[pri:29, instance:Update.Test_5_Ack_Pen_MandateField_Validation@3243b914]" started-at="2024-05-17T16:25:18 IST" name="Update_Status_Without_Trans_Login_Id_Field_negative_TC" finished-at="2024-05-17T16:25:18 IST" duration-ms="381" status="PASS">
          <reporter-output>
          </reporter-output>
        </test-method> <!-- Update_Status_Without_Trans_Login_Id_Field_negative_TC -->
        <test-method is-config="true" signature="afterMethod(org.testng.ITestResult)[pri:0, instance:Update.Test_5_Ack_Pen_MandateField_Validation@3243b914]" started-at="2024-05-17T16:25:18 IST" name="afterMethod" finished-at="2024-05-17T16:25:18 IST" duration-ms="2" status="PASS">
          <params>
            <param index="0">
              <value>
                <![CDATA[[TestResult name=Update_Status_Without_Trans_Login_Id_Field_negative_TC status=SUCCESS method=Test_5_Ack_Pen_MandateField_Validation.Update_Status_Without_Trans_Login_Id_Field_negative_TC()[pri:29, instance:Update.Test_5_Ack_Pen_MandateField_Validation@3243b914] output={null}]]]>
              </value>
            </param>
          </params>
          <reporter-output>
          </reporter-output>
        </test-method> <!-- afterMethod -->
        <test-method is-config="true" signature="beforeMethod()[pri:0, instance:Update.Test_5_Ack_Pen_MandateField_Validation@3243b914]" started-at="2024-05-17T16:25:18 IST" name="beforeMethod" finished-at="2024-05-17T16:25:18 IST" duration-ms="0" status="PASS">
          <reporter-output>
          </reporter-output>
        </test-method> <!-- beforeMethod -->
        <test-method signature="Update_Status_Without_Option_Field_negative_TC()[pri:30, instance:Update.Test_5_Ack_Pen_MandateField_Validation@3243b914]" started-at="2024-05-17T16:25:18 IST" name="Update_Status_Without_Option_Field_negative_TC" finished-at="2024-05-17T16:25:18 IST" duration-ms="351" status="PASS">
          <reporter-output>
          </reporter-output>
        </test-method> <!-- Update_Status_Without_Option_Field_negative_TC -->
        <test-method is-config="true" signature="afterMethod(org.testng.ITestResult)[pri:0, instance:Update.Test_5_Ack_Pen_MandateField_Validation@3243b914]" started-at="2024-05-17T16:25:18 IST" name="afterMethod" finished-at="2024-05-17T16:25:18 IST" duration-ms="3" status="PASS">
          <params>
            <param index="0">
              <value>
                <![CDATA[[TestResult name=Update_Status_Without_Option_Field_negative_TC status=SUCCESS method=Test_5_Ack_Pen_MandateField_Validation.Update_Status_Without_Option_Field_negative_TC()[pri:30, instance:Update.Test_5_Ack_Pen_MandateField_Validation@3243b914] output={null}]]]>
              </value>
            </param>
          </params>
          <reporter-output>
          </reporter-output>
        </test-method> <!-- afterMethod -->
        <test-method is-config="true" signature="beforeMethod()[pri:0, instance:Update.Test_5_Ack_Pen_MandateField_Validation@3243b914]" started-at="2024-05-17T16:25:18 IST" name="beforeMethod" finished-at="2024-05-17T16:25:18 IST" duration-ms="0" status="PASS">
          <reporter-output>
          </reporter-output>
        </test-method> <!-- beforeMethod -->
        <test-method signature="Update_Status_Without_Mode_Field_negative_TC()[pri:31, instance:Update.Test_5_Ack_Pen_MandateField_Validation@3243b914]" started-at="2024-05-17T16:25:18 IST" name="Update_Status_Without_Mode_Field_negative_TC" finished-at="2024-05-17T16:25:19 IST" duration-ms="352" status="PASS">
          <reporter-output>
          </reporter-output>
        </test-method> <!-- Update_Status_Without_Mode_Field_negative_TC -->
        <test-method is-config="true" signature="afterMethod(org.testng.ITestResult)[pri:0, instance:Update.Test_5_Ack_Pen_MandateField_Validation@3243b914]" started-at="2024-05-17T16:25:19 IST" name="afterMethod" finished-at="2024-05-17T16:25:19 IST" duration-ms="1" status="PASS">
          <params>
            <param index="0">
              <value>
                <![CDATA[[TestResult name=Update_Status_Without_Mode_Field_negative_TC status=SUCCESS method=Test_5_Ack_Pen_MandateField_Validation.Update_Status_Without_Mode_Field_negative_TC()[pri:31, instance:Update.Test_5_Ack_Pen_MandateField_Validation@3243b914] output={null}]]]>
              </value>
            </param>
          </params>
          <reporter-output>
          </reporter-output>
        </test-method> <!-- afterMethod -->
        <test-method signature="Update_Status_Invalid_Mode_Field_negative_TC()[pri:32, instance:Update.Test_5_Ack_Pen_MandateField_Validation@3243b914]" started-at="2024-05-17T16:25:19 IST" name="Update_Status_Invalid_Mode_Field_negative_TC" finished-at="2024-05-17T16:25:19 IST" duration-ms="333" status="PASS">
          <reporter-output>
          </reporter-output>
        </test-method> <!-- Update_Status_Invalid_Mode_Field_negative_TC -->
        <test-method is-config="true" signature="beforeMethod()[pri:0, instance:Update.Test_5_Ack_Pen_MandateField_Validation@3243b914]" started-at="2024-05-17T16:25:19 IST" name="beforeMethod" finished-at="2024-05-17T16:25:19 IST" duration-ms="0" status="PASS">
          <reporter-output>
          </reporter-output>
        </test-method> <!-- beforeMethod -->
        <test-method is-config="true" signature="afterMethod(org.testng.ITestResult)[pri:0, instance:Update.Test_5_Ack_Pen_MandateField_Validation@3243b914]" started-at="2024-05-17T16:25:19 IST" name="afterMethod" finished-at="2024-05-17T16:25:19 IST" duration-ms="3" status="PASS">
          <params>
            <param index="0">
              <value>
                <![CDATA[[TestResult name=Update_Status_Invalid_Mode_Field_negative_TC status=SUCCESS method=Test_5_Ack_Pen_MandateField_Validation.Update_Status_Invalid_Mode_Field_negative_TC()[pri:32, instance:Update.Test_5_Ack_Pen_MandateField_Validation@3243b914] output={null}]]]>
              </value>
            </param>
          </params>
          <reporter-output>
          </reporter-output>
        </test-method> <!-- afterMethod -->
        <test-method is-config="true" signature="beforeMethod()[pri:0, instance:Update.Test_5_Ack_Pen_MandateField_Validation@3243b914]" started-at="2024-05-17T16:25:19 IST" name="beforeMethod" finished-at="2024-05-17T16:25:19 IST" duration-ms="1" status="PASS">
          <reporter-output>
          </reporter-output>
        </test-method> <!-- beforeMethod -->
        <test-method signature="Update_Status_With_Removed_Entity_ref_Id_field_negative_TC()[pri:33, instance:Update.Test_5_Ack_Pen_MandateField_Validation@3243b914]" started-at="2024-05-17T16:25:19 IST" name="Update_Status_With_Removed_Entity_ref_Id_field_negative_TC" finished-at="2024-05-17T16:25:20 IST" duration-ms="351" status="PASS">
          <reporter-output>
          </reporter-output>
        </test-method> <!-- Update_Status_With_Removed_Entity_ref_Id_field_negative_TC -->
        <test-method is-config="true" signature="afterMethod(org.testng.ITestResult)[pri:0, instance:Update.Test_5_Ack_Pen_MandateField_Validation@3243b914]" started-at="2024-05-17T16:25:20 IST" name="afterMethod" finished-at="2024-05-17T16:25:20 IST" duration-ms="1" status="PASS">
          <params>
            <param index="0">
              <value>
                <![CDATA[[TestResult name=Update_Status_With_Removed_Entity_ref_Id_field_negative_TC status=SUCCESS method=Test_5_Ack_Pen_MandateField_Validation.Update_Status_With_Removed_Entity_ref_Id_field_negative_TC()[pri:33, instance:Update.Test_5_Ack_Pen_MandateField_Validation@3243b914] output={null}]]]>
              </value>
            </param>
          </params>
          <reporter-output>
          </reporter-output>
        </test-method> <!-- afterMethod -->
      </class> <!-- Update.Test_5_Ack_Pen_MandateField_Validation -->
      <class name="Update.Test_9_EscComplaint">
        <test-method is-config="true" signature="beforeMethod()[pri:0, instance:Update.Test_9_EscComplaint@4dc8caa7]" started-at="2024-05-17T16:25:33 IST" name="beforeMethod" finished-at="2024-05-17T16:25:33 IST" duration-ms="1" status="PASS">
          <reporter-output>
          </reporter-output>
        </test-method> <!-- beforeMethod -->
        <test-method signature="esc_to_new_negative_TC()[pri:48, instance:Update.Test_9_EscComplaint@4dc8caa7]" started-at="2024-05-17T16:25:33 IST" name="esc_to_new_negative_TC" finished-at="2024-05-17T16:25:34 IST" duration-ms="967" status="PASS">
          <reporter-output>
          </reporter-output>
        </test-method> <!-- esc_to_new_negative_TC -->
        <test-method is-config="true" signature="afterMethod(org.testng.ITestResult)[pri:0, instance:Update.Test_9_EscComplaint@4dc8caa7]" started-at="2024-05-17T16:25:34 IST" name="afterMethod" finished-at="2024-05-17T16:25:34 IST" duration-ms="2" status="PASS">
          <params>
            <param index="0">
              <value>
                <![CDATA[[TestResult name=esc_to_new_negative_TC status=SUCCESS method=Test_9_EscComplaint.esc_to_new_negative_TC()[pri:48, instance:Update.Test_9_EscComplaint@4dc8caa7] output={null}]]]>
              </value>
            </param>
          </params>
          <reporter-output>
          </reporter-output>
        </test-method> <!-- afterMethod -->
        <test-method is-config="true" signature="beforeMethod()[pri:0, instance:Update.Test_9_EscComplaint@4dc8caa7]" started-at="2024-05-17T16:25:34 IST" name="beforeMethod" finished-at="2024-05-17T16:25:34 IST" duration-ms="1" status="PASS">
          <reporter-output>
          </reporter-output>
        </test-method> <!-- beforeMethod -->
        <test-method signature="esc_to_ack_negative_TC()[pri:49, instance:Update.Test_9_EscComplaint@4dc8caa7]" started-at="2024-05-17T16:25:34 IST" name="esc_to_ack_negative_TC" finished-at="2024-05-17T16:25:35 IST" duration-ms="1034" status="PASS">
          <reporter-output>
          </reporter-output>
        </test-method> <!-- esc_to_ack_negative_TC -->
        <test-method is-config="true" signature="afterMethod(org.testng.ITestResult)[pri:0, instance:Update.Test_9_EscComplaint@4dc8caa7]" started-at="2024-05-17T16:25:35 IST" name="afterMethod" finished-at="2024-05-17T16:25:35 IST" duration-ms="2" status="PASS">
          <params>
            <param index="0">
              <value>
                <![CDATA[[TestResult name=esc_to_ack_negative_TC status=SUCCESS method=Test_9_EscComplaint.esc_to_ack_negative_TC()[pri:49, instance:Update.Test_9_EscComplaint@4dc8caa7] output={null}]]]>
              </value>
            </param>
          </params>
          <reporter-output>
          </reporter-output>
        </test-method> <!-- afterMethod -->
        <test-method signature="esc_to_pending_negative_TC()[pri:50, instance:Update.Test_9_EscComplaint@4dc8caa7]" started-at="2024-05-17T16:25:35 IST" name="esc_to_pending_negative_TC" finished-at="2024-05-17T16:25:36 IST" duration-ms="1642" status="PASS">
          <reporter-output>
          </reporter-output>
        </test-method> <!-- esc_to_pending_negative_TC -->
        <test-method is-config="true" signature="beforeMethod()[pri:0, instance:Update.Test_9_EscComplaint@4dc8caa7]" started-at="2024-05-17T16:25:35 IST" name="beforeMethod" finished-at="2024-05-17T16:25:35 IST" duration-ms="0" status="PASS">
          <reporter-output>
          </reporter-output>
        </test-method> <!-- beforeMethod -->
        <test-method is-config="true" signature="afterMethod(org.testng.ITestResult)[pri:0, instance:Update.Test_9_EscComplaint@4dc8caa7]" started-at="2024-05-17T16:25:36 IST" name="afterMethod" finished-at="2024-05-17T16:25:36 IST" duration-ms="2" status="PASS">
          <params>
            <param index="0">
              <value>
                <![CDATA[[TestResult name=esc_to_pending_negative_TC status=SUCCESS method=Test_9_EscComplaint.esc_to_pending_negative_TC()[pri:50, instance:Update.Test_9_EscComplaint@4dc8caa7] output={null}]]]>
              </value>
            </param>
          </params>
          <reporter-output>
          </reporter-output>
        </test-method> <!-- afterMethod -->
        <test-method signature="esc_to_att_to_negative_TC()[pri:51, instance:Update.Test_9_EscComplaint@4dc8caa7]" started-at="2024-05-17T16:25:36 IST" name="esc_to_att_to_negative_TC" finished-at="2024-05-17T16:25:38 IST" duration-ms="1207" status="PASS">
          <reporter-output>
          </reporter-output>
        </test-method> <!-- esc_to_att_to_negative_TC -->
        <test-method is-config="true" signature="beforeMethod()[pri:0, instance:Update.Test_9_EscComplaint@4dc8caa7]" started-at="2024-05-17T16:25:36 IST" name="beforeMethod" finished-at="2024-05-17T16:25:36 IST" duration-ms="0" status="PASS">
          <reporter-output>
          </reporter-output>
        </test-method> <!-- beforeMethod -->
        <test-method is-config="true" signature="afterMethod(org.testng.ITestResult)[pri:0, instance:Update.Test_9_EscComplaint@4dc8caa7]" started-at="2024-05-17T16:25:38 IST" name="afterMethod" finished-at="2024-05-17T16:25:38 IST" duration-ms="3" status="PASS">
          <params>
            <param index="0">
              <value>
                <![CDATA[[TestResult name=esc_to_att_to_negative_TC status=SUCCESS method=Test_9_EscComplaint.esc_to_att_to_negative_TC()[pri:51, instance:Update.Test_9_EscComplaint@4dc8caa7] output={null}]]]>
              </value>
            </param>
          </params>
          <reporter-output>
          </reporter-output>
        </test-method> <!-- afterMethod -->
        <test-method is-config="true" signature="beforeMethod()[pri:0, instance:Update.Test_9_EscComplaint@4dc8caa7]" started-at="2024-05-17T16:25:38 IST" name="beforeMethod" finished-at="2024-05-17T16:25:38 IST" duration-ms="1" status="PASS">
          <reporter-output>
          </reporter-output>
        </test-method> <!-- beforeMethod -->
        <test-method signature="esc_to_reopen_less_than_15_TC()[pri:52, instance:Update.Test_9_EscComplaint@4dc8caa7]" started-at="2024-05-17T16:25:38 IST" name="esc_to_reopen_less_than_15_TC" finished-at="2024-05-17T16:25:39 IST" duration-ms="1019" status="PASS">
          <reporter-output>
          </reporter-output>
        </test-method> <!-- esc_to_reopen_less_than_15_TC -->
        <test-method is-config="true" signature="afterMethod(org.testng.ITestResult)[pri:0, instance:Update.Test_9_EscComplaint@4dc8caa7]" started-at="2024-05-17T16:25:39 IST" name="afterMethod" finished-at="2024-05-17T16:25:39 IST" duration-ms="2" status="PASS">
          <params>
            <param index="0">
              <value>
                <![CDATA[[TestResult name=esc_to_reopen_less_than_15_TC status=SUCCESS method=Test_9_EscComplaint.esc_to_reopen_less_than_15_TC()[pri:52, instance:Update.Test_9_EscComplaint@4dc8caa7] output={null}]]]>
              </value>
            </param>
          </params>
          <reporter-output>
          </reporter-output>
        </test-method> <!-- afterMethod -->
        <test-method signature="esc_to_close_negative_TC()[pri:53, instance:Update.Test_9_EscComplaint@4dc8caa7]" started-at="2024-05-17T16:25:39 IST" name="esc_to_close_negative_TC" finished-at="2024-05-17T16:25:40 IST" duration-ms="1033" status="PASS">
          <reporter-output>
          </reporter-output>
        </test-method> <!-- esc_to_close_negative_TC -->
        <test-method is-config="true" signature="beforeMethod()[pri:0, instance:Update.Test_9_EscComplaint@4dc8caa7]" started-at="2024-05-17T16:25:39 IST" name="beforeMethod" finished-at="2024-05-17T16:25:39 IST" duration-ms="0" status="PASS">
          <reporter-output>
          </reporter-output>
        </test-method> <!-- beforeMethod -->
        <test-method is-config="true" signature="afterMethod(org.testng.ITestResult)[pri:0, instance:Update.Test_9_EscComplaint@4dc8caa7]" started-at="2024-05-17T16:25:40 IST" name="afterMethod" finished-at="2024-05-17T16:25:40 IST" duration-ms="2" status="PASS">
          <params>
            <param index="0">
              <value>
                <![CDATA[[TestResult name=esc_to_close_negative_TC status=SUCCESS method=Test_9_EscComplaint.esc_to_close_negative_TC()[pri:53, instance:Update.Test_9_EscComplaint@4dc8caa7] output={null}]]]>
              </value>
            </param>
          </params>
          <reporter-output>
          </reporter-output>
        </test-method> <!-- afterMethod -->
      </class> <!-- Update.Test_9_EscComplaint -->
    </test> <!-- UpdateModule -->
  </suite> <!-- BimaBharosaSuite -->
</testng-results>
