<?xml version="1.0" encoding="UTF-8"?>
<!-- Generated by org.testng.reporters.JUnitXMLReporter -->
<testsuite ignored="60" hostname="DELL-FHHTRG3" failures="0" tests="82" name="RegisterModule" time="30.632" errors="0" timestamp="2024-05-17T16:25:01 IST">
  <testcase classname="Register.Test_1_RegisterComplaint_PresentDate" name="test_registerComplaint_PresentDate" time="3.342"/>
  <testcase classname="Register.Test_2_RegisterComplaint_PastDate" name="test_registerComplaint_PastDate" time="0.524"/>
  <testcase classname="Register.Test_3_RegisterComplaint_Dates_Negative" name="test_registerComplaint_FutureDate" time="0.356"/>
  <testcase classname="Register.Test_3_RegisterComplaint_Dates_Negative" name="test_registerComplaint_InvalidDateFormat" time="0.269"/>
  <testcase classname="Register.Test_3_RegisterComplaint_Dates_Negative" name="test_complaintDateAndReceiptDate_Null" time="0.418"/>
  <testcase classname="Register.Test_3_RegisterComplaint_Dates_Negative" name="test_complaintDate_And_ComplaintReceiptDate_Zero" time="0.41"/>
  <testcase classname="Register.Test_3_RegisterComplaint_Dates_Negative" name="test_complaintDate_And_ComplaintReceiptDate_AsChracter" time="0.322"/>
  <testcase classname="Register.Test_4_UserType_Negative" name="test_registerComplaint_NullUserType" time="0.307"/>
  <testcase classname="Register.Test_4_UserType_Negative" name="test_registerComplaint_NumericUserType" time="0.421"/>
  <testcase classname="Register.Test_4_UserType_Negative" name="test_registerComplaint_InvalidUserType" time="0.387"/>
  <testcase classname="Register.Test_5_RegisterComplaint_AgainstBroker" name="test_registerComplaint_Against_Broker" time="0.439"/>
  <testcase classname="Register.Test_6_RegisterComplaint_AgainstSurveyor" name="test_registerComplaint_Against_Surveyor" time="0.604"/>
  <testcase classname="Register.Test_7_RegisterComplaint_AgainstTPA" name="test_registerComplaint_Against_TPA" time="0.336"/>
  <testcase classname="Register.Test_8_RegisterComplaint_AgainstAgent" name="test_registerComplaint_Against_Agent" time="0.499"/>
  <testcase classname="Register.Test_9_RegisterComplaint_Against_LifeInsuranceCompany" name="test_registerComplaint_Against_Life_InsuranceCompany" time="0.356"/>
  <testcase classname="Register.Test_10_RegisterComplaint_Against_NonLifeInsuranceCompany" name="test_registerComplaint_Against_NonLife_InsuranceCompany" time="0.299"/>
  <testcase classname="Register.Test_11_BrokerLicenseNumber_Negative" name="test_registerComplaint_Invalid_BrokerLicenseNumber" time="0.336"/>
  <testcase classname="Register.Test_11_BrokerLicenseNumber_Negative" name="test_registerComplaint_Null_BrokerLicenseNumber" time="0.315"/>
  <testcase classname="Register.Test_12_IntermediaryName_Negative" name="test_Null_IntermediaryName" time="0.445"/>
  <testcase classname="Register.Test_12_IntermediaryName_Negative" name="test_Invalid_IntermediaryName" time="0.303"/>
  <testcase classname="Register.Test_13_IntermediaryLicenseNumber_Negative" name="test_Null_IntermediaryLicenseNumber" time="0.321"/>
  <testcase classname="Register.Test_13_IntermediaryLicenseNumber_Negative" name="test_Invalid_IntermediaryLicenseNumber" time="0.28"/>
  <testcase classname="Register.Test_14_StateIDAndDistrictID_Negative" name="test_Null_StateID" time="0.287"/>
  <testcase classname="Register.Test_14_StateIDAndDistrictID_Negative" name="test_Invalid_StateID" time="0.367"/>
  <testcase classname="Register.Test_14_StateIDAndDistrictID_Negative" name="test_Null_DistrictID" time="0.358"/>
  <testcase classname="Register.Test_14_StateIDAndDistrictID_Negative" name="test_Invalid_DistrictID" time="0.248"/>
  <testcase classname="Register.Test_15_ComplaintAgainstTypeID_Negative" name="test_Null_ComplaintAgainstTypeID" time="0.231"/>
  <testcase classname="Register.Test_15_ComplaintAgainstTypeID_Negative" name="test_Alphabatical_ComplaintAgainstTypeID" time="0.318"/>
  <testcase classname="Register.Test_15_ComplaintAgainstTypeID_Negative" name="test_SpecialCharacter_ComplaintAgainstTypeID" time="0.701"/>
  <testcase classname="Register.Test_15_ComplaintAgainstTypeID_Negative" name="test_Invalid_ComplaintAgainstTypeID" time="0.251"/>
  <testcase classname="Register.Test_16_FirstName_Negative" name="test_Null_FirstName" time="0.223"/>
  <testcase classname="Register.Test_16_FirstName_Negative" name="test_maxLength_exceeding_FirstName_Field" time="0.35"/>
  <testcase classname="Register.Test_17_MobileNumber_Negative" name="test_Null_MobileNumber_Field" time="0.268"/>
  <testcase classname="Register.Test_17_MobileNumber_Negative" name="test_lessThen_10_Digit_MobileNumber" time="0.263"/>
  <testcase classname="Register.Test_17_MobileNumber_Negative" name="test_moreThen_10_Digit_MobileNumber" time="0.272"/>
  <testcase classname="Register.Test_17_MobileNumber_Negative" name="test_MobileNumber_As_AlphabaticCharacter" time="0.35"/>
  <testcase classname="Register.Test_17_MobileNumber_Negative" name="test_MobileNumber_As_SpecialCharacter" time="0.312"/>
  <testcase classname="Register.Test_18_EntityComplaintReferenceNumber_Negative" name="test_Duplicate_EntityComplaintReferenceNumber" time="0.426"/>
  <testcase classname="Register.Test_18_EntityComplaintReferenceNumber_Negative" name="test_Null_EntityComplaintReferenceNumber" time="0.292"/>
  <testcase classname="Register.Test_19_ComplaintDetails_Negative" name="test_Null_ComplaintDetails" time="0.37"/>
  <testcase classname="Register.Test_19_ComplaintDetails_Negative" name="test_ComplaintDetails_Contain_SpecialCharacter" time="0.257"/>
  <testcase classname="Register.Test_19_ComplaintDetails_Negative" name="test_maxLength_exceeding_complaintDetails_field" time="0.318"/>
  <testcase classname="Register.Test_20_InsuranceTypeID_Negative" name="test_Insurance_Type_ID_Null" time="0.264"/>
  <testcase classname="Register.Test_20_InsuranceTypeID_Negative" name="test_Insurance_Type_ID_Invalid" time="0.24"/>
  <testcase classname="Register.Test_20_InsuranceTypeID_Negative" name="test_Insurance_Type_ID_Invalid_Numeric" time="0.626"/>
  <testcase classname="Register.Test_21_PolicyTypeID_Negative" name="test_Policy_Type_ID_Null" time="0.238"/>
  <testcase classname="Register.Test_21_PolicyTypeID_Negative" name="test_Policy_Type_ID_Invalid" time="0.276"/>
  <testcase classname="Register.Test_21_PolicyTypeID_Negative" name="test_Policy_Type_ID_Invalid_Numeric" time="0.33"/>
  <testcase classname="Register.Test_22_ComplaintTypeID_Negative" name="test_Complaint_Type_ID_Null" time="0.237"/>
  <testcase classname="Register.Test_22_ComplaintTypeID_Negative" name="test_Complaint_Type_ID_Invalid" time="0.29"/>
  <testcase classname="Register.Test_22_ComplaintTypeID_Negative" name="test_Complaint_Type_ID_Invalid_Numeric" time="0.254"/>
  <testcase classname="Register.Test_23_ComplaintDescriptionTypeID_Negative" name="test_Complaint_Description_Type_ID_Null" time="0.338"/>
  <testcase classname="Register.Test_23_ComplaintDescriptionTypeID_Negative" name="test_Complaint_Description_Type_ID_Invalid" time="0.281"/>
  <testcase classname="Register.Test_23_ComplaintDescriptionTypeID_Negative" name="test_Complaint_Description_Type_ID_Invalid_Numeric" time="0.395"/>
  <testcase classname="Register.Test_24_SourceOfComplaint_Negative" name="test_Source_Of_Complaint_Null" time="0.264"/>
  <testcase classname="Register.Test_24_SourceOfComplaint_Negative" name="test_Source_Of_Complaint_Alphabetical" time="0.225"/>
  <testcase classname="Register.Test_24_SourceOfComplaint_Negative" name="test_Source_Of_Complaint_SpecialChars" time="0.381"/>
  <testcase classname="Register.Test_24_SourceOfComplaint_Negative" name="test_Source_Of_Complaint_Invalid" time="0.222"/>
  <testcase classname="Register.Test_25_PolicyNumber_Negative" name="test_Policy_Number_Null" time="0.241"/>
  <testcase classname="Register.Test_25_PolicyNumber_Negative" name="test_Policy_Number_Exceeding_length" time="0.329"/>
  <testcase classname="Register.Test_25_PolicyNumber_Negative" name="test_Policy_Number_Duplicate" time="0.305"/>
  <testcase classname="Register.Test_26_Option_Negative" name="test_Option_Null" time="0.718"/>
  <testcase classname="Register.Test_26_Option_Negative" name="test_Option_Alphabetical" time="0.24"/>
  <testcase classname="Register.Test_26_Option_Negative" name="test_Option_SpecialChars" time="0.269"/>
  <testcase classname="Register.Test_26_Option_Negative" name="test_Option_Invalid" time="0.285"/>
  <testcase classname="Register.Test_27_AddressedToInsurer_Negative" name="test_Addressed_To_Insurer_Null" time="0.269"/>
  <testcase classname="Register.Test_27_AddressedToInsurer_Negative" name="test_Addressed_To_Insurer_With_N" time="0.267"/>
  <testcase classname="Register.Test_27_AddressedToInsurer_Negative" name="test_Addressed_To_Insurer_Numeric" time="0.253"/>
  <testcase classname="Register.Test_27_AddressedToInsurer_Negative" name="test_Addressed_To_Insurer_SpecialChars" time="0.232"/>
  <testcase classname="Register.Test_27_AddressedToInsurer_Negative" name="test_Addressed_To_Insurer_Invalid" time="0.257"/>
  <testcase classname="Register.Test_28_TransLoginId_Negative" name="test_Trans_Login_Id_Null" time="0.34"/>
  <testcase classname="Register.Test_28_TransLoginId_Negative" name="test_Trans_Login_Id_Invalid" time="0.296"/>
  <testcase classname="Register.Test_28_TransLoginId_Negative" name="test_Trans_Login_Id_Mapping_Invalid" time="0.3"/>
  <testcase classname="Register.Test_29_Mode_Negative" name="test_Mode_Null" time="0.224"/>
  <testcase classname="Register.Test_29_Mode_Negative" name="test_Mode_Invalid" time="0.229"/>
  <testcase classname="Register.Test_29_Mode_Negative" name="test_Mode_Alphabetical" time="0.242"/>
  <testcase classname="Register.Test_29_Mode_Negative" name="test_Mode_SpecialChars" time="0.292"/>
  <testcase classname="Register.Test_30_PolicyProposalCertClaimNumber_Negative" name="test_Policy_Proposal_Cert_Claim_Number_Null" time="0.344"/>
  <testcase classname="Register.Test_31_IdentifierType_Negative" name="test_Identifier_Type_Null" time="0.705"/>
  <testcase classname="Register.Test_31_IdentifierType_Negative" name="test_Identifier_type_SpecialChars" time="0.328"/>
  <testcase classname="Register.Test_31_IdentifierType_Negative" name="test_Identifier_type_Alphabetical" time="0.178"/>
  <testcase classname="Register.Test_31_IdentifierType_Negative" name="test_Identifier_type_Invalid" time="0.31"/>
  <testcase classname="Base.Main" name="@BeforeSuite setup" time="0.0">
    <ignored/>
  </testcase> <!-- @BeforeSuite setup -->
  <testcase classname="Base.Main" name="@AfterSuite tearDown" time="0.0">
    <ignored/>
  </testcase> <!-- @AfterSuite tearDown -->
  <testcase classname="Base.Main" name="@AfterSuite tearDown" time="0.0">
    <ignored/>
  </testcase> <!-- @AfterSuite tearDown -->
  <testcase classname="Base.Main" name="@BeforeSuite setup" time="0.0">
    <ignored/>
  </testcase> <!-- @BeforeSuite setup -->
  <testcase classname="Base.Main" name="@AfterSuite tearDown" time="0.0">
    <ignored/>
  </testcase> <!-- @AfterSuite tearDown -->
  <testcase classname="Base.Main" name="@AfterSuite tearDown" time="0.0">
    <ignored/>
  </testcase> <!-- @AfterSuite tearDown -->
  <testcase classname="Base.Main" name="@AfterSuite tearDown" time="0.0">
    <ignored/>
  </testcase> <!-- @AfterSuite tearDown -->
  <testcase classname="Base.Main" name="@AfterSuite tearDown" time="0.0">
    <ignored/>
  </testcase> <!-- @AfterSuite tearDown -->
  <testcase classname="Base.Main" name="@BeforeSuite setup" time="0.0">
    <ignored/>
  </testcase> <!-- @BeforeSuite setup -->
  <testcase classname="Base.Main" name="@BeforeSuite setup" time="0.0">
    <ignored/>
  </testcase> <!-- @BeforeSuite setup -->
  <testcase classname="Base.Main" name="@BeforeSuite setup" time="0.0">
    <ignored/>
  </testcase> <!-- @BeforeSuite setup -->
  <testcase classname="Base.Main" name="@AfterSuite tearDown" time="0.0">
    <ignored/>
  </testcase> <!-- @AfterSuite tearDown -->
  <testcase classname="Base.Main" name="@BeforeSuite setup" time="0.0">
    <ignored/>
  </testcase> <!-- @BeforeSuite setup -->
  <testcase classname="Base.Main" name="@AfterSuite tearDown" time="0.0">
    <ignored/>
  </testcase> <!-- @AfterSuite tearDown -->
  <testcase classname="Base.Main" name="@BeforeSuite setup" time="0.0">
    <ignored/>
  </testcase> <!-- @BeforeSuite setup -->
  <testcase classname="Base.Main" name="@AfterSuite tearDown" time="0.0">
    <ignored/>
  </testcase> <!-- @AfterSuite tearDown -->
  <testcase classname="Base.Main" name="@AfterSuite tearDown" time="0.0">
    <ignored/>
  </testcase> <!-- @AfterSuite tearDown -->
  <testcase classname="Base.Main" name="@AfterSuite tearDown" time="0.0">
    <ignored/>
  </testcase> <!-- @AfterSuite tearDown -->
  <testcase classname="Base.Main" name="@AfterSuite tearDown" time="0.0">
    <ignored/>
  </testcase> <!-- @AfterSuite tearDown -->
  <testcase classname="Base.Main" name="@AfterSuite tearDown" time="0.0">
    <ignored/>
  </testcase> <!-- @AfterSuite tearDown -->
  <testcase classname="Base.Main" name="@AfterSuite tearDown" time="0.0">
    <ignored/>
  </testcase> <!-- @AfterSuite tearDown -->
  <testcase classname="Base.Main" name="@BeforeSuite setup" time="0.0">
    <ignored/>
  </testcase> <!-- @BeforeSuite setup -->
  <testcase classname="Base.Main" name="@BeforeSuite setup" time="0.0">
    <ignored/>
  </testcase> <!-- @BeforeSuite setup -->
  <testcase classname="Base.Main" name="@AfterSuite tearDown" time="0.0">
    <ignored/>
  </testcase> <!-- @AfterSuite tearDown -->
  <testcase classname="Base.Main" name="@AfterSuite tearDown" time="0.0">
    <ignored/>
  </testcase> <!-- @AfterSuite tearDown -->
  <testcase classname="Base.Main" name="@AfterSuite tearDown" time="0.0">
    <ignored/>
  </testcase> <!-- @AfterSuite tearDown -->
  <testcase classname="Base.Main" name="@BeforeSuite setup" time="0.0">
    <ignored/>
  </testcase> <!-- @BeforeSuite setup -->
  <testcase classname="Base.Main" name="@BeforeSuite setup" time="0.0">
    <ignored/>
  </testcase> <!-- @BeforeSuite setup -->
  <testcase classname="Base.Main" name="@BeforeSuite setup" time="0.0">
    <ignored/>
  </testcase> <!-- @BeforeSuite setup -->
  <testcase classname="Base.Main" name="@AfterSuite tearDown" time="0.0">
    <ignored/>
  </testcase> <!-- @AfterSuite tearDown -->
  <testcase classname="Base.Main" name="@BeforeSuite setup" time="0.0">
    <ignored/>
  </testcase> <!-- @BeforeSuite setup -->
  <testcase classname="Base.Main" name="@AfterSuite tearDown" time="0.0">
    <ignored/>
  </testcase> <!-- @AfterSuite tearDown -->
  <testcase classname="Base.Main" name="@BeforeSuite setup" time="0.0">
    <ignored/>
  </testcase> <!-- @BeforeSuite setup -->
  <testcase classname="Base.Main" name="@AfterSuite tearDown" time="0.0">
    <ignored/>
  </testcase> <!-- @AfterSuite tearDown -->
  <testcase classname="Base.Main" name="@BeforeSuite setup" time="0.0">
    <ignored/>
  </testcase> <!-- @BeforeSuite setup -->
  <testcase classname="Base.Main" name="@AfterSuite tearDown" time="0.0">
    <ignored/>
  </testcase> <!-- @AfterSuite tearDown -->
  <testcase classname="Base.Main" name="@AfterSuite tearDown" time="0.0">
    <ignored/>
  </testcase> <!-- @AfterSuite tearDown -->
  <testcase classname="Base.Main" name="@AfterSuite tearDown" time="0.0">
    <ignored/>
  </testcase> <!-- @AfterSuite tearDown -->
  <testcase classname="Base.Main" name="@BeforeSuite setup" time="0.0">
    <ignored/>
  </testcase> <!-- @BeforeSuite setup -->
  <testcase classname="Base.Main" name="@AfterSuite tearDown" time="0.0">
    <ignored/>
  </testcase> <!-- @AfterSuite tearDown -->
  <testcase classname="Base.Main" name="@BeforeSuite setup" time="0.0">
    <ignored/>
  </testcase> <!-- @BeforeSuite setup -->
  <testcase classname="Base.Main" name="@AfterSuite tearDown" time="0.0">
    <ignored/>
  </testcase> <!-- @AfterSuite tearDown -->
  <testcase classname="Base.Main" name="@AfterSuite tearDown" time="0.0">
    <ignored/>
  </testcase> <!-- @AfterSuite tearDown -->
  <testcase classname="Base.Main" name="@BeforeSuite setup" time="0.0">
    <ignored/>
  </testcase> <!-- @BeforeSuite setup -->
  <testcase classname="Base.Main" name="@BeforeSuite setup" time="0.0">
    <ignored/>
  </testcase> <!-- @BeforeSuite setup -->
  <testcase classname="Base.Main" name="@BeforeSuite setup" time="0.0">
    <ignored/>
  </testcase> <!-- @BeforeSuite setup -->
  <testcase classname="Base.Main" name="@BeforeSuite setup" time="0.0">
    <ignored/>
  </testcase> <!-- @BeforeSuite setup -->
  <testcase classname="Base.Main" name="@BeforeSuite setup" time="0.0">
    <ignored/>
  </testcase> <!-- @BeforeSuite setup -->
  <testcase classname="Base.Main" name="@AfterSuite tearDown" time="0.0">
    <ignored/>
  </testcase> <!-- @AfterSuite tearDown -->
  <testcase classname="Base.Main" name="@BeforeSuite setup" time="0.0">
    <ignored/>
  </testcase> <!-- @BeforeSuite setup -->
  <testcase classname="Base.Main" name="@AfterSuite tearDown" time="0.0">
    <ignored/>
  </testcase> <!-- @AfterSuite tearDown -->
  <testcase classname="Base.Main" name="@AfterSuite tearDown" time="0.0">
    <ignored/>
  </testcase> <!-- @AfterSuite tearDown -->
  <testcase classname="Base.Main" name="@BeforeSuite setup" time="0.0">
    <ignored/>
  </testcase> <!-- @BeforeSuite setup -->
  <testcase classname="Base.Main" name="@BeforeSuite setup" time="0.0">
    <ignored/>
  </testcase> <!-- @BeforeSuite setup -->
  <testcase classname="Base.Main" name="@AfterSuite tearDown" time="0.0">
    <ignored/>
  </testcase> <!-- @AfterSuite tearDown -->
  <testcase classname="Base.Main" name="@BeforeSuite setup" time="0.0">
    <ignored/>
  </testcase> <!-- @BeforeSuite setup -->
  <testcase classname="Base.Main" name="@BeforeSuite setup" time="0.0">
    <ignored/>
  </testcase> <!-- @BeforeSuite setup -->
  <testcase classname="Base.Main" name="@BeforeSuite setup" time="0.0">
    <ignored/>
  </testcase> <!-- @BeforeSuite setup -->
  <testcase classname="Base.Main" name="@BeforeSuite setup" time="0.0">
    <ignored/>
  </testcase> <!-- @BeforeSuite setup -->
  <testcase classname="Base.Main" name="@BeforeSuite setup" time="0.0">
    <ignored/>
  </testcase> <!-- @BeforeSuite setup -->
</testsuite> <!-- RegisterModule -->
