<?xml version="1.0" encoding="UTF-8"?>
<!-- Generated by org.testng.reporters.JUnitXMLReporter -->
<testsuite ignored="28" hostname="DELL-FHHTRG3" failures="0" tests="85" name="UpdateModule" time="86.668" errors="0" timestamp="2024-05-17T16:26:28 IST">
  <testcase classname="Update.Test_1_StatusChangeDate_Validation" name="future_statusChangeDate_negative_TC" time="0.598"/>
  <testcase classname="Update.Test_1_StatusChangeDate_Validation" name="current_statusChangeDate_positive_TC" time="0.628"/>
  <testcase classname="Update.Test_1_StatusChangeDate_Validation" name="Date_validation_format_YYYY_DD_MM_negative_TC" time="0.596"/>
  <testcase classname="Update.Test_1_StatusChangeDate_Validation" name="Date_validation_format_MM_DD_YYYY_negative_TC" time="0.598"/>
  <testcase classname="Update.Test_1_StatusChangeDate_Validation" name="Date_validation_format_00_00_0000_negative_TC" time="0.484"/>
  <testcase classname="Update.Test_1_StatusChangeDate_Validation" name="Date_validation_alphabet_specialchar_negative_TC" time="0.447"/>
  <testcase classname="Update.Test_1_StatusChangeDate_Validation" name="Status_Change_date_not_older_than_complaint_receipt_date_negative_TC" time="0.512"/>
  <testcase classname="Update.Test_1_StatusChangeDate_Validation" name="Status_Change_date_not_older_than_previous_status_change_date_negative_TC" time="0.982"/>
  <testcase classname="Update.Test_2_NewComplaint" name="new_to_pen_negative_TC" time="0.455"/>
  <testcase classname="Update.Test_2_NewComplaint" name="new_to_att_negative_TC" time="0.544"/>
  <testcase classname="Update.Test_2_NewComplaint" name="new_to_esc_negative_TC" time="0.531"/>
  <testcase classname="Update.Test_2_NewComplaint" name="new_to_rop_negative_TC" time="0.488"/>
  <testcase classname="Update.Test_2_NewComplaint" name="new_to_cls_negative_TC" time="0.419"/>
  <testcase classname="Update.Test_3_AckComplaint" name="ack_to_new_negative_TC" time="0.498"/>
  <testcase classname="Update.Test_3_AckComplaint" name="ack_to_att_negative_TC" time="0.682"/>
  <testcase classname="Update.Test_3_AckComplaint" name="ack_to_esc_negative_TC" time="0.492"/>
  <testcase classname="Update.Test_3_AckComplaint" name="ack_to_rop_negative_TC" time="0.933"/>
  <testcase classname="Update.Test_3_AckComplaint" name="ack_to_cls_negative_TC" time="0.527"/>
  <testcase classname="Update.Test_4_PenComplaint" name="pen_to_new_negative_TC" time="0.907"/>
  <testcase classname="Update.Test_4_PenComplaint" name="pen_to_ack_negative_TC" time="0.665"/>
  <testcase classname="Update.Test_4_PenComplaint" name="pen_to_esc_negative_TC" time="0.633"/>
  <testcase classname="Update.Test_4_PenComplaint" name="pen_to_rop_negative_TC" time="0.667"/>
  <testcase classname="Update.Test_4_PenComplaint" name="pen_to_cls_negative_TC" time="0.761"/>
  <testcase classname="Update.Test_4_PenComplaint" name="pen_to_attent_to_claim_negative_TC" time="0.975"/>
  <testcase classname="Update.Test_5_Ack_Pen_MandateField_Validation" name="Update_Status_Without_Status_Change_Date_field_negative_TC" time="0.347"/>
  <testcase classname="Update.Test_5_Ack_Pen_MandateField_Validation" name="Update_Status_Without_IRDA_Token_Number_field_negative_TC" time="0.363"/>
  <testcase classname="Update.Test_5_Ack_Pen_MandateField_Validation" name="Update_Status_With_null_Entity_Complaint_Ref_Number_field_negative_TC" time="0.343"/>
  <testcase classname="Update.Test_5_Ack_Pen_MandateField_Validation" name="Update_Status_Without_Complaint_Status_Id_field_negative_TC" time="0.517"/>
  <testcase classname="Update.Test_5_Ack_Pen_MandateField_Validation" name="Update_Status_Without_Trans_Login_Id_Field_negative_TC" time="0.381"/>
  <testcase classname="Update.Test_5_Ack_Pen_MandateField_Validation" name="Update_Status_Without_Option_Field_negative_TC" time="0.351"/>
  <testcase classname="Update.Test_5_Ack_Pen_MandateField_Validation" name="Update_Status_Without_Mode_Field_negative_TC" time="0.352"/>
  <testcase classname="Update.Test_5_Ack_Pen_MandateField_Validation" name="Update_Status_Invalid_Mode_Field_negative_TC" time="0.333"/>
  <testcase classname="Update.Test_5_Ack_Pen_MandateField_Validation" name="Update_Status_With_Removed_Entity_ref_Id_field_negative_TC" time="0.351"/>
  <testcase classname="Update.Test_6_pen_to_Att_mand_field_validation" name="pen_to_att_without_mand_field_negative_TC" time="0.702"/>
  <testcase classname="Update.Test_7_Att_to_Complaint" name="att_to_new_negative_TC" time="1.244"/>
  <testcase classname="Update.Test_7_Att_to_Complaint" name="att_to_ack_negative_TC" time="0.861"/>
  <testcase classname="Update.Test_7_Att_to_Complaint" name="att_to_pen_negative_TC" time="0.967"/>
  <testcase classname="Update.Test_7_Att_to_Complaint" name="att_to_rop_negative_TC" time="0.807"/>
  <testcase classname="Update.Test_7_Att_to_Complaint" name="att_to_esc_with_mandatary_fields_negative_TC" time="0.834"/>
  <testcase classname="Update.Test_7_Att_to_Complaint" name="att_to_cls_with_ESC_negative_TC" time="1.377"/>
  <testcase classname="Update.Test_7_Att_to_Complaint" name="att_to_cls_negative_TC" time="0.979"/>
  <testcase classname="Update.Test_8_Type_Of_Disposal" name="type_of_dis_1_positive_TC" time="0.751"/>
  <testcase classname="Update.Test_8_Type_Of_Disposal" name="type_of_dis_2_positive_TC" time="0.789"/>
  <testcase classname="Update.Test_8_Type_Of_Disposal" name="type_of_dis_3_positive_TC" time="0.722"/>
  <testcase classname="Update.Test_8_Type_Of_Disposal" name="type_of_dis_9_positive_TC" time="1.353"/>
  <testcase classname="Update.Test_8_Type_Of_Disposal" name="type_of_dis_invalid_negative_TC" time="0.974"/>
  <testcase classname="Update.Test_8_Type_Of_Disposal" name="type_of_dis_9_without_mand_field_negative_TC" time="0.752"/>
  <testcase classname="Update.Test_9_EscComplaint" name="esc_to_new_negative_TC" time="0.967"/>
  <testcase classname="Update.Test_9_EscComplaint" name="esc_to_ack_negative_TC" time="1.034"/>
  <testcase classname="Update.Test_9_EscComplaint" name="esc_to_pending_negative_TC" time="1.642"/>
  <testcase classname="Update.Test_9_EscComplaint" name="esc_to_att_to_negative_TC" time="1.207"/>
  <testcase classname="Update.Test_9_EscComplaint" name="esc_to_reopen_less_than_15_TC" time="1.019"/>
  <testcase classname="Update.Test_9_EscComplaint" name="esc_to_close_negative_TC" time="1.033"/>
  <testcase classname="Update.Test_10_RopComplaint" name="rop_to_new_negative_TC" time="1.543"/>
  <testcase classname="Update.Test_10_RopComplaint" name="rop_to_ack_negative_TC" time="1.388"/>
  <testcase classname="Update.Test_10_RopComplaint" name="rop_to_pending_negative_TC" time="1.54"/>
  <testcase classname="Update.Test_10_RopComplaint" name="rop_to_esc_negative_TC" time="1.826"/>
  <testcase classname="Update.Test_10_RopComplaint" name="rop_to_cls_negative_TC" time="1.442"/>
  <testcase classname="Update.Test_10_RopComplaint" name="rop_to_att_with_claim_negative_TC" time="6.299"/>
  <testcase classname="Update.Test_11_Cls_Negative" name="cls_to_new_nagative_TC" time="1.069"/>
  <testcase classname="Update.Test_11_Cls_Negative" name="cls_to_ack_negative_TC" time="3.437"/>
  <testcase classname="Update.Test_11_Cls_Negative" name="cls_to_pen_negative_TC" time="1.475"/>
  <testcase classname="Update.Test_11_Cls_Negative" name="cls_to_att_negative_TC" time="1.448"/>
  <testcase classname="Update.Test_11_Cls_Negative" name="cls_to_esc_negative_TC" time="1.148"/>
  <testcase classname="Update.Test_11_Cls_Negative" name="cls_to_rop_negative_TC" time="2.091"/>
  <testcase classname="Update.Test_12_not_pertain_to" name="new_not_pertain_to_positive_TC" time="0.831"/>
  <testcase classname="Update.Test_12_not_pertain_to" name="ack_not_pertain_to_positive_TC" time="0.649"/>
  <testcase classname="Update.Test_12_not_pertain_to" name="pending_not_pertain_to_positive_TC" time="0.724"/>
  <testcase classname="Update.Test_12_not_pertain_to" name="without_mand_field_negative_TC" time="0.552"/>
  <testcase classname="Update.Test_13_branch_code_validation" name="registerAgainst_Broker_new_to_ack_positive_TC" time="0.65"/>
  <testcase classname="Update.Test_14_status_update_with_diff_transLogin_Id" name="status_update_with_diff_transLogin_Id_negative_TC" time="0.75"/>
  <testcase classname="Update.Test_15_UpdateComplaint_Positive" name="new_to_ack_positive_TC" time="0.556"/>
  <testcase classname="Update.Test_15_UpdateComplaint_Positive" name="new_to_esc_after_15_days_positive_TC" time="0.527"/>
  <testcase classname="Update.Test_15_UpdateComplaint_Positive" name="ack_to_pen_positive_TC" time="0.582"/>
  <testcase classname="Update.Test_15_UpdateComplaint_Positive" name="ack_to_esc_after_15_days_positive_TC" time="0.495"/>
  <testcase classname="Update.Test_15_UpdateComplaint_Positive" name="pen_to_att_positive_TC" time="1.108"/>
  <testcase classname="Update.Test_15_UpdateComplaint_Positive" name="pen_to_attent_to_claim_positive_TC" time="3.335"/>
  <testcase classname="Update.Test_15_UpdateComplaint_Positive" name="pen_to_esc_after_15_days_positive_TC" time="0.71"/>
  <testcase classname="Update.Test_15_UpdateComplaint_Positive" name="att_to_esc_firstTime_positive_TC" time="0.95"/>
  <testcase classname="Update.Test_15_UpdateComplaint_Positive" name="att_to_esc_secondTime_positive_TC" time="1.632"/>
  <testcase classname="Update.Test_15_UpdateComplaint_Positive" name="att_to_cls_positive_TC" time="0.903"/>
  <testcase classname="Update.Test_15_UpdateComplaint_Positive" name="closure_request_to_IRDIA_positive_TC" time="2.099"/>
  <testcase classname="Update.Test_15_UpdateComplaint_Positive" name="esc_to_rop_positive_TC" time="1.014"/>
  <testcase classname="Update.Test_15_UpdateComplaint_Positive" name="rop_to_att_with_claim_positive_TC" time="4.03"/>
  <testcase classname="Update.Test_15_UpdateComplaint_Positive" name="rop_to_att_with_positive_TC" time="1.126"/>
  <testcase classname="Base.Main" name="@BeforeSuite setup" time="0.0">
    <ignored/>
  </testcase> <!-- @BeforeSuite setup -->
  <testcase classname="Base.Main" name="@AfterSuite tearDown" time="0.0">
    <ignored/>
  </testcase> <!-- @AfterSuite tearDown -->
  <testcase classname="Base.Main" name="@BeforeSuite setup" time="0.0">
    <ignored/>
  </testcase> <!-- @BeforeSuite setup -->
  <testcase classname="Base.Main" name="@BeforeSuite setup" time="0.0">
    <ignored/>
  </testcase> <!-- @BeforeSuite setup -->
  <testcase classname="Base.Main" name="@AfterSuite tearDown" time="0.0">
    <ignored/>
  </testcase> <!-- @AfterSuite tearDown -->
  <testcase classname="Base.Main" name="@AfterSuite tearDown" time="0.0">
    <ignored/>
  </testcase> <!-- @AfterSuite tearDown -->
  <testcase classname="Base.Main" name="@AfterSuite tearDown" time="0.0">
    <ignored/>
  </testcase> <!-- @AfterSuite tearDown -->
  <testcase classname="Base.Main" name="@BeforeSuite setup" time="0.0">
    <ignored/>
  </testcase> <!-- @BeforeSuite setup -->
  <testcase classname="Base.Main" name="@AfterSuite tearDown" time="0.0">
    <ignored/>
  </testcase> <!-- @AfterSuite tearDown -->
  <testcase classname="Base.Main" name="@BeforeSuite setup" time="0.0">
    <ignored/>
  </testcase> <!-- @BeforeSuite setup -->
  <testcase classname="Base.Main" name="@BeforeSuite setup" time="0.0">
    <ignored/>
  </testcase> <!-- @BeforeSuite setup -->
  <testcase classname="Base.Main" name="@AfterSuite tearDown" time="0.0">
    <ignored/>
  </testcase> <!-- @AfterSuite tearDown -->
  <testcase classname="Base.Main" name="@AfterSuite tearDown" time="0.0">
    <ignored/>
  </testcase> <!-- @AfterSuite tearDown -->
  <testcase classname="Base.Main" name="@BeforeSuite setup" time="0.0">
    <ignored/>
  </testcase> <!-- @BeforeSuite setup -->
  <testcase classname="Base.Main" name="@BeforeSuite setup" time="0.0">
    <ignored/>
  </testcase> <!-- @BeforeSuite setup -->
  <testcase classname="Base.Main" name="@AfterSuite tearDown" time="0.0">
    <ignored/>
  </testcase> <!-- @AfterSuite tearDown -->
  <testcase classname="Base.Main" name="@AfterSuite tearDown" time="0.0">
    <ignored/>
  </testcase> <!-- @AfterSuite tearDown -->
  <testcase classname="Base.Main" name="@AfterSuite tearDown" time="0.0">
    <ignored/>
  </testcase> <!-- @AfterSuite tearDown -->
  <testcase classname="Base.Main" name="@BeforeSuite setup" time="0.0">
    <ignored/>
  </testcase> <!-- @BeforeSuite setup -->
  <testcase classname="Base.Main" name="@BeforeSuite setup" time="0.0">
    <ignored/>
  </testcase> <!-- @BeforeSuite setup -->
  <testcase classname="Base.Main" name="@BeforeSuite setup" time="0.0">
    <ignored/>
  </testcase> <!-- @BeforeSuite setup -->
  <testcase classname="Base.Main" name="@AfterSuite tearDown" time="0.0">
    <ignored/>
  </testcase> <!-- @AfterSuite tearDown -->
  <testcase classname="Base.Main" name="@AfterSuite tearDown" time="0.0">
    <ignored/>
  </testcase> <!-- @AfterSuite tearDown -->
  <testcase classname="Base.Main" name="@BeforeSuite setup" time="0.0">
    <ignored/>
  </testcase> <!-- @BeforeSuite setup -->
  <testcase classname="Base.Main" name="@BeforeSuite setup" time="0.0">
    <ignored/>
  </testcase> <!-- @BeforeSuite setup -->
  <testcase classname="Base.Main" name="@AfterSuite tearDown" time="0.0">
    <ignored/>
  </testcase> <!-- @AfterSuite tearDown -->
  <testcase classname="Base.Main" name="@BeforeSuite setup" time="0.0">
    <ignored/>
  </testcase> <!-- @BeforeSuite setup -->
  <testcase classname="Base.Main" name="@AfterSuite tearDown" time="0.0">
    <ignored/>
  </testcase> <!-- @AfterSuite tearDown -->
</testsuite> <!-- UpdateModule -->
